C:\USERS\LUCIANAV\DOCUMENTS\VISUAL STUDIO 2010\PROJECTS\HELLOOPENCV\DEBUG\HELLOOPENCV.EXE
C:\USERS\LUCIANAV\DOCUMENTS\VISUAL STUDIO 2010\PROJECTS\HELLOOPENCV\DEBUG\HELLOOPENCV.ILK
C:\USERS\LUCIANAV\DOCUMENTS\VISUAL STUDIO 2010\PROJECTS\HELLOOPENCV\DEBUG\HELLOOPENCV.PDB
C:\Users\lucianav\Documents\Visual Studio 2010\Projects\HelloOpenCV\HelloOpenCV\Debug\cl.command.1.tlog
C:\Users\lucianav\Documents\Visual Studio 2010\Projects\HelloOpenCV\HelloOpenCV\Debug\CL.read.1.tlog
C:\Users\lucianav\Documents\Visual Studio 2010\Projects\HelloOpenCV\HelloOpenCV\Debug\CL.write.1.tlog
C:\USERS\LUCIANAV\DOCUMENTS\VISUAL STUDIO 2010\PROJECTS\HELLOOPENCV\HELLOOPENCV\DEBUG\HELLOOPENCV.EXE.EMBED.MANIFEST
C:\USERS\LUCIANAV\DOCUMENTS\VISUAL STUDIO 2010\PROJECTS\HELLOOPENCV\HELLOOPENCV\DEBUG\HELLOOPENCV.EXE.EMBED.MANIFEST.RES
C:\USERS\LUCIANAV\DOCUMENTS\VISUAL STUDIO 2010\PROJECTS\HELLOOPENCV\HELLOOPENCV\DEBUG\HELLOOPENCV.EXE.INTERMEDIATE.MANIFEST
C:\Users\lucianav\Documents\Visual Studio 2010\Projects\HelloOpenCV\HelloOpenCV\Debug\HelloOpenCV.write.1.tlog
C:\Users\lucianav\Documents\Visual Studio 2010\Projects\HelloOpenCV\HelloOpenCV\Debug\HelloOpenCV_manifest.rc
C:\Users\lucianav\Documents\Visual Studio 2010\Projects\HelloOpenCV\HelloOpenCV\Debug\link.5796.read.1.tlog
C:\Users\lucianav\Documents\Visual Studio 2010\Projects\HelloOpenCV\HelloOpenCV\Debug\link.5796.write.1.tlog
C:\Users\lucianav\Documents\Visual Studio 2010\Projects\HelloOpenCV\HelloOpenCV\Debug\link.5796-cvtres.read.1.tlog
C:\Users\lucianav\Documents\Visual Studio 2010\Projects\HelloOpenCV\HelloOpenCV\Debug\link.5796-cvtres.write.1.tlog
C:\Users\lucianav\Documents\Visual Studio 2010\Projects\HelloOpenCV\HelloOpenCV\Debug\link.command.1.tlog
C:\Users\lucianav\Documents\Visual Studio 2010\Projects\HelloOpenCV\HelloOpenCV\Debug\link.read.1.tlog
C:\Users\lucianav\Documents\Visual Studio 2010\Projects\HelloOpenCV\HelloOpenCV\Debug\link.write.1.tlog
C:\Users\lucianav\Documents\Visual Studio 2010\Projects\HelloOpenCV\HelloOpenCV\Debug\link-cvtres.read.1.tlog
C:\Users\lucianav\Documents\Visual Studio 2010\Projects\HelloOpenCV\HelloOpenCV\Debug\link-cvtres.write.1.tlog
C:\USERS\LUCIANAV\DOCUMENTS\VISUAL STUDIO 2010\PROJECTS\HELLOOPENCV\HELLOOPENCV\DEBUG\MAIN.OBJ
C:\Users\lucianav\Documents\Visual Studio 2010\Projects\HelloOpenCV\HelloOpenCV\Debug\mt.command.1.tlog
C:\Users\lucianav\Documents\Visual Studio 2010\Projects\HelloOpenCV\HelloOpenCV\Debug\mt.read.1.tlog
C:\Users\lucianav\Documents\Visual Studio 2010\Projects\HelloOpenCV\HelloOpenCV\Debug\mt.write.1.tlog
C:\Users\lucianav\Documents\Visual Studio 2010\Projects\HelloOpenCV\HelloOpenCV\Debug\rc.command.1.tlog
C:\Users\lucianav\Documents\Visual Studio 2010\Projects\HelloOpenCV\HelloOpenCV\Debug\rc.read.1.tlog
C:\Users\lucianav\Documents\Visual Studio 2010\Projects\HelloOpenCV\HelloOpenCV\Debug\rc.write.1.tlog
C:\Users\lucianav\Documents\Visual Studio 2010\Projects\HelloOpenCV\HelloOpenCV\Debug\vc100.idb
C:\USERS\LUCIANAV\DOCUMENTS\VISUAL STUDIO 2010\PROJECTS\HELLOOPENCV\HELLOOPENCV\DEBUG\VC100.PDB
