C:\Users\lucianav\Documents\Visual Studio 2010\Projects\LocateRats\LocateRats\x64\Debug\cl.command.1.tlog
C:\Users\lucianav\Documents\Visual Studio 2010\Projects\LocateRats\LocateRats\x64\Debug\CL.read.1.tlog
C:\Users\lucianav\Documents\Visual Studio 2010\Projects\LocateRats\LocateRats\x64\Debug\CL.write.1.tlog
C:\USERS\LUCIANAV\DOCUMENTS\VISUAL STUDIO 2010\PROJECTS\LOCATERATS\LOCATERATS\X64\DEBUG\DEMO.OBJ
C:\Users\lucianav\Documents\Visual Studio 2010\Projects\LocateRats\LocateRats\x64\Debug\link.3156.read.1.tlog
C:\Users\lucianav\Documents\Visual Studio 2010\Projects\LocateRats\LocateRats\x64\Debug\link.3156.write.1.tlog
C:\Users\lucianav\Documents\Visual Studio 2010\Projects\LocateRats\LocateRats\x64\Debug\link.3156-cvtres.read.1.tlog
C:\Users\lucianav\Documents\Visual Studio 2010\Projects\LocateRats\LocateRats\x64\Debug\link.3156-cvtres.write.1.tlog
C:\Users\lucianav\Documents\Visual Studio 2010\Projects\LocateRats\LocateRats\x64\Debug\link.4768.read.1.tlog
C:\Users\lucianav\Documents\Visual Studio 2010\Projects\LocateRats\LocateRats\x64\Debug\link.4768.write.1.tlog
C:\Users\lucianav\Documents\Visual Studio 2010\Projects\LocateRats\LocateRats\x64\Debug\link.4768-cvtres.read.1.tlog
C:\Users\lucianav\Documents\Visual Studio 2010\Projects\LocateRats\LocateRats\x64\Debug\link.4768-cvtres.write.1.tlog
C:\Users\lucianav\Documents\Visual Studio 2010\Projects\LocateRats\LocateRats\x64\Debug\link.command.1.tlog
C:\Users\lucianav\Documents\Visual Studio 2010\Projects\LocateRats\LocateRats\x64\Debug\link.read.1.tlog
C:\Users\lucianav\Documents\Visual Studio 2010\Projects\LocateRats\LocateRats\x64\Debug\link.write.1.tlog
C:\Users\lucianav\Documents\Visual Studio 2010\Projects\LocateRats\LocateRats\x64\Debug\link-cvtres.read.1.tlog
C:\Users\lucianav\Documents\Visual Studio 2010\Projects\LocateRats\LocateRats\x64\Debug\link-cvtres.write.1.tlog
C:\USERS\LUCIANAV\DOCUMENTS\VISUAL STUDIO 2010\PROJECTS\LOCATERATS\LOCATERATS\X64\DEBUG\LOCATERATS.EXE.EMBED.MANIFEST
C:\USERS\LUCIANAV\DOCUMENTS\VISUAL STUDIO 2010\PROJECTS\LOCATERATS\LOCATERATS\X64\DEBUG\LOCATERATS.EXE.EMBED.MANIFEST.RES
C:\USERS\LUCIANAV\DOCUMENTS\VISUAL STUDIO 2010\PROJECTS\LOCATERATS\LOCATERATS\X64\DEBUG\LOCATERATS.EXE.INTERMEDIATE.MANIFEST
C:\Users\lucianav\Documents\Visual Studio 2010\Projects\LocateRats\LocateRats\x64\Debug\LocateRats_manifest.rc
C:\USERS\LUCIANAV\DOCUMENTS\VISUAL STUDIO 2010\PROJECTS\LOCATERATS\LOCATERATS\X64\DEBUG\MAIN.OBJ
C:\Users\lucianav\Documents\Visual Studio 2010\Projects\LocateRats\LocateRats\x64\Debug\mt.command.1.tlog
C:\Users\lucianav\Documents\Visual Studio 2010\Projects\LocateRats\LocateRats\x64\Debug\mt.read.1.tlog
C:\Users\lucianav\Documents\Visual Studio 2010\Projects\LocateRats\LocateRats\x64\Debug\mt.write.1.tlog
C:\Users\lucianav\Documents\Visual Studio 2010\Projects\LocateRats\LocateRats\x64\Debug\rc.command.1.tlog
C:\Users\lucianav\Documents\Visual Studio 2010\Projects\LocateRats\LocateRats\x64\Debug\rc.read.1.tlog
C:\Users\lucianav\Documents\Visual Studio 2010\Projects\LocateRats\LocateRats\x64\Debug\rc.write.1.tlog
C:\Users\lucianav\Documents\Visual Studio 2010\Projects\LocateRats\LocateRats\x64\Debug\vc100.idb
C:\USERS\LUCIANAV\DOCUMENTS\VISUAL STUDIO 2010\PROJECTS\LOCATERATS\LOCATERATS\X64\DEBUG\VC100.PDB
C:\USERS\LUCIANAV\DOCUMENTS\VISUAL STUDIO 2010\PROJECTS\LOCATERATS\X64\DEBUG\LOCATERATS.EXE
C:\USERS\LUCIANAV\DOCUMENTS\VISUAL STUDIO 2010\PROJECTS\LOCATERATS\X64\DEBUG\LOCATERATS.ILK
C:\USERS\LUCIANAV\DOCUMENTS\VISUAL STUDIO 2010\PROJECTS\LOCATERATS\X64\DEBUG\LOCATERATS.PDB
