Build started 22/07/2014 07:51:23.
     1>Project "C:\Users\lucianav\documents\visual studio 2010\Projects\ErosionDilatationExample\ErosionDilatationExample\ErosionDilatationExample.vcxproj" on node 2 (build target(s)).
     1>InitializeBuildStatus:
         Creating "x64\Debug\ErosionDilatationExample.unsuccessfulbuild" because "AlwaysCreate" was specified.
       ClCompile:
         C:\Program Files (x86)\Microsoft Visual Studio 10.0\VC\bin\x86_amd64\CL.exe /c /Ic:\opencv248\build\include /Zi /nologo /W3 /WX- /Od /D WIN32 /D _DEBUG /D _CONSOLE /D _UNICODE /D UNICODE /Gm /EHsc /RTC1 /MDd /GS /fp:precise /Zc:wchar_t /Zc:forScope /Fo"x64\Debug\\" /Fd"x64\Debug\vc100.pdb" /Gd /TP /errorReport:prompt main.cpp
         main.cpp
       ManifestResourceCompile:
         All outputs are up-to-date.
       Link:
         C:\Program Files (x86)\Microsoft Visual Studio 10.0\VC\bin\x86_amd64\link.exe /ERRORREPORT:PROMPT /OUT:"C:\Users\lucianav\documents\visual studio 2010\Projects\ErosionDilatationExample\x64\Debug\ErosionDilatationExample.exe" /INCREMENTAL /NOLOGO /LIBPATH:c:\opencv248\build\x64\vc10\lib opencv_core248d.lib opencv_imgproc248d.lib opencv_highgui248d.lib opencv_ml248d.lib opencv_video248d.lib opencv_features2d248d.lib opencv_calib3d248d.lib opencv_objdetect248d.lib opencv_contrib248d.lib opencv_legacy248d.lib opencv_flann248d.lib kernel32.lib user32.lib gdi32.lib winspool.lib comdlg32.lib advapi32.lib shell32.lib ole32.lib oleaut32.lib uuid.lib odbc32.lib odbccp32.lib /MANIFEST /ManifestFile:"x64\Debug\ErosionDilatationExample.exe.intermediate.manifest" /MANIFESTUAC:"level='asInvoker' uiAccess='false'" /DEBUG /PDB:"C:\Users\lucianav\documents\visual studio 2010\Projects\ErosionDilatationExample\x64\Debug\ErosionDilatationExample.pdb" /SUBSYSTEM:CONSOLE /TLBID:1 /DYNAMICBASE /NXCOMPAT /IMPLIB:"C:\Users\lucianav\documents\visual studio 2010\Projects\ErosionDilatationExample\x64\Debug\ErosionDilatationExample.lib" /MACHINE:X64 x64\Debug\ErosionDilatationExample.exe.embed.manifest.res
         x64\Debug\main.obj
         ErosionDilatationExample.vcxproj -> C:\Users\lucianav\documents\visual studio 2010\Projects\ErosionDilatationExample\x64\Debug\ErosionDilatationExample.exe
       Manifest:
         C:\Program Files (x86)\Microsoft SDKs\Windows\v7.0A\bin\mt.exe /nologo /verbose /out:"x64\Debug\ErosionDilatationExample.exe.embed.manifest" /manifest x64\Debug\ErosionDilatationExample.exe.intermediate.manifest
         All outputs are up-to-date.
       LinkEmbedManifest:
         All outputs are up-to-date.
         ErosionDilatationExample.vcxproj -> C:\Users\lucianav\documents\visual studio 2010\Projects\ErosionDilatationExample\x64\Debug\ErosionDilatationExample.exe
       FinalizeBuildStatus:
         Deleting file "x64\Debug\ErosionDilatationExample.unsuccessfulbuild".
         Touching "x64\Debug\ErosionDilatationExample.lastbuildstate".
     1>Done Building Project "C:\Users\lucianav\documents\visual studio 2010\Projects\ErosionDilatationExample\ErosionDilatationExample\ErosionDilatationExample.vcxproj" (build target(s)).

Build succeeded.

Time Elapsed 00:00:04.79
