Build started 04/11/2014 10:18:42.
     1>Project "C:\Users\lucianav\Documents\Visual Studio 2010\Projects\ImageProcessing04\ImageProcessing04\ImageProcessing04.vcxproj" on node 2 (build target(s)).
     1>InitializeBuildStatus:
         Creating "x64\Debug\ImageProcessing04.unsuccessfulbuild" because "AlwaysCreate" was specified.
       ClCompile:
         C:\Program Files (x86)\Microsoft Visual Studio 10.0\VC\bin\x86_amd64\CL.exe /c /Ic:\opencv248\build\include /Zi /nologo /W3 /WX- /Od /D WIN32 /D _DEBUG /D _CONSOLE /D _UNICODE /D UNICODE /Gm /EHsc /RTC1 /MDd /GS /fp:precise /Zc:wchar_t /Zc:forScope /Fo"x64\Debug\\" /Fd"x64\Debug\vc100.pdb" /Gd /TP /errorReport:prompt dllmain.cpp
         dllmain.cpp
     1>dllmain.cpp(564): warning C4244: '=' : conversion from 'double' to 'long', possible loss of data
     1>dllmain.cpp(565): warning C4244: '=' : conversion from 'double' to 'long', possible loss of data
     1>dllmain.cpp(670): warning C4244: 'initializing' : conversion from 'double' to 'long', possible loss of data
     1>dllmain.cpp(671): warning C4244: 'initializing' : conversion from 'double' to 'long', possible loss of data
       ManifestResourceCompile:
         All outputs are up-to-date.
       Link:
         C:\Program Files (x86)\Microsoft Visual Studio 10.0\VC\bin\x86_amd64\link.exe /ERRORREPORT:PROMPT /OUT:"C:\Users\lucianav\Documents\Visual Studio 2010\Projects\ImageProcessing04\x64\Debug\ImageProcessing04.exe" /INCREMENTAL /NOLOGO /LIBPATH:c:\opencv248\build\x64\vc10\lib opencv_core248d.lib opencv_imgproc248d.lib opencv_highgui248d.lib opencv_ml248d.lib opencv_video248d.lib opencv_features2d248d.lib opencv_calib3d248d.lib opencv_objdetect248d.lib opencv_contrib248d.lib opencv_legacy248d.lib opencv_flann248d.lib kernel32.lib user32.lib gdi32.lib winspool.lib comdlg32.lib advapi32.lib shell32.lib ole32.lib oleaut32.lib uuid.lib odbc32.lib odbccp32.lib /MANIFEST /ManifestFile:"x64\Debug\ImageProcessing04.exe.intermediate.manifest" /MANIFESTUAC:"level='asInvoker' uiAccess='false'" /DEBUG /PDB:"C:\Users\lucianav\Documents\Visual Studio 2010\Projects\ImageProcessing04\x64\Debug\ImageProcessing04.pdb" /SUBSYSTEM:CONSOLE /TLBID:1 /DYNAMICBASE /NXCOMPAT /IMPLIB:"C:\Users\lucianav\Documents\Visual Studio 2010\Projects\ImageProcessing04\x64\Debug\ImageProcessing04.lib" /MACHINE:X64 x64\Debug\ImageProcessing04.exe.embed.manifest.res
         x64\Debug\DebugT.obj
         x64\Debug\dllmain.obj
         x64\Debug\ImageFrameBuffer.obj
         x64\Debug\ImageProc.obj
         ImageProcessing04.vcxproj -> C:\Users\lucianav\Documents\Visual Studio 2010\Projects\ImageProcessing04\x64\Debug\ImageProcessing04.exe
       Manifest:
         C:\Program Files (x86)\Microsoft SDKs\Windows\v7.0A\bin\mt.exe /nologo /verbose /out:"x64\Debug\ImageProcessing04.exe.embed.manifest" /manifest x64\Debug\ImageProcessing04.exe.intermediate.manifest
         All outputs are up-to-date.
       LinkEmbedManifest:
         All outputs are up-to-date.
         ImageProcessing04.vcxproj -> C:\Users\lucianav\Documents\Visual Studio 2010\Projects\ImageProcessing04\x64\Debug\ImageProcessing04.exe
       FinalizeBuildStatus:
         Deleting file "x64\Debug\ImageProcessing04.unsuccessfulbuild".
         Touching "x64\Debug\ImageProcessing04.lastbuildstate".
     1>Done Building Project "C:\Users\lucianav\Documents\Visual Studio 2010\Projects\ImageProcessing04\ImageProcessing04\ImageProcessing04.vcxproj" (build target(s)).

Build succeeded.

Time Elapsed 00:00:02.28
