C:\Users\lucianav\documents\visual studio 2010\Projects\ImageProcessing04\ImageProcessing04\x64\Debug\cl.command.1.tlog
C:\Users\lucianav\documents\visual studio 2010\Projects\ImageProcessing04\ImageProcessing04\x64\Debug\CL.read.1.tlog
C:\Users\lucianav\documents\visual studio 2010\Projects\ImageProcessing04\ImageProcessing04\x64\Debug\CL.write.1.tlog
C:\USERS\LUCIANAV\DOCUMENTS\VISUAL STUDIO 2010\PROJECTS\IMAGEPROCESSING04\IMAGEPROCESSING04\X64\DEBUG\DEBUGT.OBJ
C:\USERS\LUCIANAV\DOCUMENTS\VISUAL STUDIO 2010\PROJECTS\IMAGEPROCESSING04\IMAGEPROCESSING04\X64\DEBUG\DLLMAIN.OBJ
C:\USERS\LUCIANAV\DOCUMENTS\VISUAL STUDIO 2010\PROJECTS\IMAGEPROCESSING04\IMAGEPROCESSING04\X64\DEBUG\IMAGEFRAMEBUFFER.OBJ
C:\USERS\LUCIANAV\DOCUMENTS\VISUAL STUDIO 2010\PROJECTS\IMAGEPROCESSING04\IMAGEPROCESSING04\X64\DEBUG\IMAGEPROC.OBJ
C:\USERS\LUCIANAV\DOCUMENTS\VISUAL STUDIO 2010\PROJECTS\IMAGEPROCESSING04\IMAGEPROCESSING04\X64\DEBUG\IMAGEPROCESSING04.EXE.EMBED.MANIFEST
C:\USERS\LUCIANAV\DOCUMENTS\VISUAL STUDIO 2010\PROJECTS\IMAGEPROCESSING04\IMAGEPROCESSING04\X64\DEBUG\IMAGEPROCESSING04.EXE.EMBED.MANIFEST.RES
C:\USERS\LUCIANAV\DOCUMENTS\VISUAL STUDIO 2010\PROJECTS\IMAGEPROCESSING04\IMAGEPROCESSING04\X64\DEBUG\IMAGEPROCESSING04.EXE.INTERMEDIATE.MANIFEST
C:\Users\lucianav\documents\visual studio 2010\Projects\ImageProcessing04\ImageProcessing04\x64\Debug\ImageProcessing04_manifest.rc
C:\Users\lucianav\documents\visual studio 2010\Projects\ImageProcessing04\ImageProcessing04\x64\Debug\link.4656.read.1.tlog
C:\Users\lucianav\documents\visual studio 2010\Projects\ImageProcessing04\ImageProcessing04\x64\Debug\link.4656.write.1.tlog
C:\Users\lucianav\documents\visual studio 2010\Projects\ImageProcessing04\ImageProcessing04\x64\Debug\link.4656-cvtres.read.1.tlog
C:\Users\lucianav\documents\visual studio 2010\Projects\ImageProcessing04\ImageProcessing04\x64\Debug\link.4656-cvtres.write.1.tlog
C:\Users\lucianav\documents\visual studio 2010\Projects\ImageProcessing04\ImageProcessing04\x64\Debug\link.command.1.tlog
C:\Users\lucianav\documents\visual studio 2010\Projects\ImageProcessing04\ImageProcessing04\x64\Debug\link.read.1.tlog
C:\Users\lucianav\documents\visual studio 2010\Projects\ImageProcessing04\ImageProcessing04\x64\Debug\link.write.1.tlog
C:\Users\lucianav\documents\visual studio 2010\Projects\ImageProcessing04\ImageProcessing04\x64\Debug\link-cvtres.read.1.tlog
C:\Users\lucianav\documents\visual studio 2010\Projects\ImageProcessing04\ImageProcessing04\x64\Debug\link-cvtres.write.1.tlog
C:\Users\lucianav\documents\visual studio 2010\Projects\ImageProcessing04\ImageProcessing04\x64\Debug\mt.command.1.tlog
C:\Users\lucianav\documents\visual studio 2010\Projects\ImageProcessing04\ImageProcessing04\x64\Debug\mt.read.1.tlog
C:\Users\lucianav\documents\visual studio 2010\Projects\ImageProcessing04\ImageProcessing04\x64\Debug\mt.write.1.tlog
C:\Users\lucianav\documents\visual studio 2010\Projects\ImageProcessing04\ImageProcessing04\x64\Debug\rc.command.1.tlog
C:\Users\lucianav\documents\visual studio 2010\Projects\ImageProcessing04\ImageProcessing04\x64\Debug\rc.read.1.tlog
C:\Users\lucianav\documents\visual studio 2010\Projects\ImageProcessing04\ImageProcessing04\x64\Debug\rc.write.1.tlog
C:\Users\lucianav\documents\visual studio 2010\Projects\ImageProcessing04\ImageProcessing04\x64\Debug\vc100.idb
C:\USERS\LUCIANAV\DOCUMENTS\VISUAL STUDIO 2010\PROJECTS\IMAGEPROCESSING04\IMAGEPROCESSING04\X64\DEBUG\VC100.PDB
C:\USERS\LUCIANAV\DOCUMENTS\VISUAL STUDIO 2010\PROJECTS\IMAGEPROCESSING04\X64\DEBUG\IMAGEPROCESSING04.EXE
C:\USERS\LUCIANAV\DOCUMENTS\VISUAL STUDIO 2010\PROJECTS\IMAGEPROCESSING04\X64\DEBUG\IMAGEPROCESSING04.ILK
C:\USERS\LUCIANAV\DOCUMENTS\VISUAL STUDIO 2010\PROJECTS\IMAGEPROCESSING04\X64\DEBUG\IMAGEPROCESSING04.PDB
