Build started 29/08/2014 14:39:44.
     1>Project "c:\Users\lucianav\documents\visual studio 2010\Projects\ImageProcessing04\ImageProcessing04\ImageProcessing04.vcxproj" on node 2 (build target(s)).
     1>PrepareForBuild:
         Creating directory "c:\users\lucianav\documents\visual studio 2010\Projects\ImageProcessing04\Debug\".
       InitializeBuildStatus:
         Creating "Debug\ImageProcessing04.unsuccessfulbuild" because "AlwaysCreate" was specified.
       ClCompile:
         C:\Program Files (x86)\Microsoft Visual Studio 10.0\VC\bin\CL.exe /c /Ic:\opencv248\build\include /ZI /nologo /W3 /WX- /Od /Oy- /D WIN32 /D _DEBUG /D _CONSOLE /D _UNICODE /D UNICODE /Gm /EHsc /RTC1 /MDd /GS /fp:precise /Zc:wchar_t /Zc:forScope /Fo"Debug\\" /Fd"Debug\vc100.pdb" /Gd /TP /analyze- /errorReport:prompt DebugT.cpp dllmain.cpp ImageFrameBuffer.cpp ImageProc.cpp
         ImageProc.cpp
     1>c:\users\lucianav\documents\visual studio 2010\projects\imageprocessing04\imageprocessing04\imageproc.cpp(220): warning C4244: 'argument' : conversion from 'double' to 'int', possible loss of data
     1>c:\users\lucianav\documents\visual studio 2010\projects\imageprocessing04\imageprocessing04\imageproc.cpp(220): warning C4244: 'argument' : conversion from 'double' to 'int', possible loss of data
     1>c:\users\lucianav\documents\visual studio 2010\projects\imageprocessing04\imageprocessing04\imageproc.cpp(221): warning C4244: 'argument' : conversion from 'double' to 'int', possible loss of data
         ImageFrameBuffer.cpp
     1>c:\users\lucianav\documents\visual studio 2010\projects\imageprocessing04\imageprocessing04\imageframebuffer.cpp(36): warning C4018: '>=' : signed/unsigned mismatch
     1>c:\users\lucianav\documents\visual studio 2010\projects\imageprocessing04\imageprocessing04\imageframebuffer.cpp(62): warning C4018: '>=' : signed/unsigned mismatch
     1>c:\users\lucianav\documents\visual studio 2010\projects\imageprocessing04\imageprocessing04\imageframebuffer.cpp(72): warning C4018: '>' : signed/unsigned mismatch
         dllmain.cpp
     1>c:\users\lucianav\documents\visual studio 2010\projects\imageprocessing04\imageprocessing04\dllmain.cpp(132): warning C4018: '<' : signed/unsigned mismatch
     1>c:\users\lucianav\documents\visual studio 2010\projects\imageprocessing04\imageprocessing04\dllmain.cpp(329): warning C4018: '<' : signed/unsigned mismatch
     1>c:\users\lucianav\documents\visual studio 2010\projects\imageprocessing04\imageprocessing04\dllmain.cpp(370): warning C4018: '<' : signed/unsigned mismatch
         DebugT.cpp
         Generating Code...
       ManifestResourceCompile:
         C:\Program Files (x86)\Microsoft SDKs\Windows\v7.0A\bin\rc.exe /nologo /fo"Debug\ImageProcessing04.exe.embed.manifest.res" Debug\ImageProcessing04_manifest.rc 
       Link:
         C:\Program Files (x86)\Microsoft Visual Studio 10.0\VC\bin\link.exe /ERRORREPORT:PROMPT /OUT:"c:\users\lucianav\documents\visual studio 2010\Projects\ImageProcessing04\Debug\ImageProcessing04.exe" /INCREMENTAL /NOLOGO /LIBPATH:c:\opencv248\build\x64\vc10\lib opencv_core248d.lib opencv_imgproc248d.lib opencv_highgui248d.lib opencv_ml248d.lib opencv_video248d.lib opencv_features2d248d.lib opencv_calib3d248d.lib opencv_objdetect248d.lib opencv_contrib248d.lib opencv_legacy248d.lib opencv_flann248d.lib kernel32.lib user32.lib gdi32.lib winspool.lib comdlg32.lib advapi32.lib shell32.lib ole32.lib oleaut32.lib uuid.lib odbc32.lib odbccp32.lib /MANIFEST /ManifestFile:"Debug\ImageProcessing04.exe.intermediate.manifest" /MANIFESTUAC:"level='asInvoker' uiAccess='false'" /DEBUG /PDB:"c:\users\lucianav\documents\visual studio 2010\Projects\ImageProcessing04\Debug\ImageProcessing04.pdb" /SUBSYSTEM:CONSOLE /TLBID:1 /DYNAMICBASE /NXCOMPAT /IMPLIB:"c:\users\lucianav\documents\visual studio 2010\Projects\ImageProcessing04\Debug\ImageProcessing04.lib" /MACHINE:X86 Debug\ImageProcessing04.exe.embed.manifest.res
         Debug\DebugT.obj
         Debug\dllmain.obj
         Debug\ImageFrameBuffer.obj
         Debug\ImageProc.obj
     1>opencv_core248d.lib(opencv_core248d.dll) : fatal error LNK1112: module machine type 'x64' conflicts with target machine type 'X86'
     1>Done Building Project "c:\Users\lucianav\documents\visual studio 2010\Projects\ImageProcessing04\ImageProcessing04\ImageProcessing04.vcxproj" (build target(s)) -- FAILED.

Build FAILED.

Time Elapsed 00:00:07.21
