C:\Users\lucianav\Documents\Visual Studio 2010\Projects\TrackingRats\TrackingRats\x64\Debug\cl.command.1.tlog
C:\Users\lucianav\Documents\Visual Studio 2010\Projects\TrackingRats\TrackingRats\x64\Debug\CL.read.1.tlog
C:\Users\lucianav\Documents\Visual Studio 2010\Projects\TrackingRats\TrackingRats\x64\Debug\CL.write.1.tlog
C:\Users\lucianav\Documents\Visual Studio 2010\Projects\TrackingRats\TrackingRats\x64\Debug\link.1480.read.1.tlog
C:\Users\lucianav\Documents\Visual Studio 2010\Projects\TrackingRats\TrackingRats\x64\Debug\link.1480.write.1.tlog
C:\Users\lucianav\Documents\Visual Studio 2010\Projects\TrackingRats\TrackingRats\x64\Debug\link.1480-cvtres.read.1.tlog
C:\Users\lucianav\Documents\Visual Studio 2010\Projects\TrackingRats\TrackingRats\x64\Debug\link.1480-cvtres.write.1.tlog
C:\Users\lucianav\Documents\Visual Studio 2010\Projects\TrackingRats\TrackingRats\x64\Debug\link.3232.read.1.tlog
C:\Users\lucianav\Documents\Visual Studio 2010\Projects\TrackingRats\TrackingRats\x64\Debug\link.3232.write.1.tlog
C:\Users\lucianav\Documents\Visual Studio 2010\Projects\TrackingRats\TrackingRats\x64\Debug\link.3232-cvtres.read.1.tlog
C:\Users\lucianav\Documents\Visual Studio 2010\Projects\TrackingRats\TrackingRats\x64\Debug\link.3232-cvtres.write.1.tlog
C:\Users\lucianav\Documents\Visual Studio 2010\Projects\TrackingRats\TrackingRats\x64\Debug\link.3592.read.1.tlog
C:\Users\lucianav\Documents\Visual Studio 2010\Projects\TrackingRats\TrackingRats\x64\Debug\link.3592.write.1.tlog
C:\Users\lucianav\Documents\Visual Studio 2010\Projects\TrackingRats\TrackingRats\x64\Debug\link.3592-cvtres.read.1.tlog
C:\Users\lucianav\Documents\Visual Studio 2010\Projects\TrackingRats\TrackingRats\x64\Debug\link.3592-cvtres.write.1.tlog
C:\Users\lucianav\Documents\Visual Studio 2010\Projects\TrackingRats\TrackingRats\x64\Debug\link.3896.read.1.tlog
C:\Users\lucianav\Documents\Visual Studio 2010\Projects\TrackingRats\TrackingRats\x64\Debug\link.3896.write.1.tlog
C:\Users\lucianav\Documents\Visual Studio 2010\Projects\TrackingRats\TrackingRats\x64\Debug\link.3896-cvtres.read.1.tlog
C:\Users\lucianav\Documents\Visual Studio 2010\Projects\TrackingRats\TrackingRats\x64\Debug\link.3896-cvtres.write.1.tlog
C:\Users\lucianav\Documents\Visual Studio 2010\Projects\TrackingRats\TrackingRats\x64\Debug\link.4580.read.1.tlog
C:\Users\lucianav\Documents\Visual Studio 2010\Projects\TrackingRats\TrackingRats\x64\Debug\link.4580.write.1.tlog
C:\Users\lucianav\Documents\Visual Studio 2010\Projects\TrackingRats\TrackingRats\x64\Debug\link.4580-cvtres.read.1.tlog
C:\Users\lucianav\Documents\Visual Studio 2010\Projects\TrackingRats\TrackingRats\x64\Debug\link.4580-cvtres.write.1.tlog
C:\Users\lucianav\Documents\Visual Studio 2010\Projects\TrackingRats\TrackingRats\x64\Debug\link.4880.read.1.tlog
C:\Users\lucianav\Documents\Visual Studio 2010\Projects\TrackingRats\TrackingRats\x64\Debug\link.4880.write.1.tlog
C:\Users\lucianav\Documents\Visual Studio 2010\Projects\TrackingRats\TrackingRats\x64\Debug\link.4880-cvtres.read.1.tlog
C:\Users\lucianav\Documents\Visual Studio 2010\Projects\TrackingRats\TrackingRats\x64\Debug\link.4880-cvtres.write.1.tlog
C:\Users\lucianav\Documents\Visual Studio 2010\Projects\TrackingRats\TrackingRats\x64\Debug\link.5188.read.1.tlog
C:\Users\lucianav\Documents\Visual Studio 2010\Projects\TrackingRats\TrackingRats\x64\Debug\link.5188.write.1.tlog
C:\Users\lucianav\Documents\Visual Studio 2010\Projects\TrackingRats\TrackingRats\x64\Debug\link.5188-cvtres.read.1.tlog
C:\Users\lucianav\Documents\Visual Studio 2010\Projects\TrackingRats\TrackingRats\x64\Debug\link.5188-cvtres.write.1.tlog
C:\Users\lucianav\Documents\Visual Studio 2010\Projects\TrackingRats\TrackingRats\x64\Debug\link.6000.read.1.tlog
C:\Users\lucianav\Documents\Visual Studio 2010\Projects\TrackingRats\TrackingRats\x64\Debug\link.6000.write.1.tlog
C:\Users\lucianav\Documents\Visual Studio 2010\Projects\TrackingRats\TrackingRats\x64\Debug\link.6000-cvtres.read.1.tlog
C:\Users\lucianav\Documents\Visual Studio 2010\Projects\TrackingRats\TrackingRats\x64\Debug\link.6000-cvtres.write.1.tlog
C:\Users\lucianav\Documents\Visual Studio 2010\Projects\TrackingRats\TrackingRats\x64\Debug\link.6248.read.1.tlog
C:\Users\lucianav\Documents\Visual Studio 2010\Projects\TrackingRats\TrackingRats\x64\Debug\link.6248.write.1.tlog
C:\Users\lucianav\Documents\Visual Studio 2010\Projects\TrackingRats\TrackingRats\x64\Debug\link.6248-cvtres.read.1.tlog
C:\Users\lucianav\Documents\Visual Studio 2010\Projects\TrackingRats\TrackingRats\x64\Debug\link.6248-cvtres.write.1.tlog
C:\Users\lucianav\Documents\Visual Studio 2010\Projects\TrackingRats\TrackingRats\x64\Debug\link.6360.read.1.tlog
C:\Users\lucianav\Documents\Visual Studio 2010\Projects\TrackingRats\TrackingRats\x64\Debug\link.6360.write.1.tlog
C:\Users\lucianav\Documents\Visual Studio 2010\Projects\TrackingRats\TrackingRats\x64\Debug\link.6360-cvtres.read.1.tlog
C:\Users\lucianav\Documents\Visual Studio 2010\Projects\TrackingRats\TrackingRats\x64\Debug\link.6360-cvtres.write.1.tlog
C:\Users\lucianav\Documents\Visual Studio 2010\Projects\TrackingRats\TrackingRats\x64\Debug\link.6412.read.1.tlog
C:\Users\lucianav\Documents\Visual Studio 2010\Projects\TrackingRats\TrackingRats\x64\Debug\link.6412.write.1.tlog
C:\Users\lucianav\Documents\Visual Studio 2010\Projects\TrackingRats\TrackingRats\x64\Debug\link.6412-cvtres.read.1.tlog
C:\Users\lucianav\Documents\Visual Studio 2010\Projects\TrackingRats\TrackingRats\x64\Debug\link.6412-cvtres.write.1.tlog
C:\Users\lucianav\Documents\Visual Studio 2010\Projects\TrackingRats\TrackingRats\x64\Debug\link.6420.read.1.tlog
C:\Users\lucianav\Documents\Visual Studio 2010\Projects\TrackingRats\TrackingRats\x64\Debug\link.6420.write.1.tlog
C:\Users\lucianav\Documents\Visual Studio 2010\Projects\TrackingRats\TrackingRats\x64\Debug\link.6420-cvtres.read.1.tlog
C:\Users\lucianav\Documents\Visual Studio 2010\Projects\TrackingRats\TrackingRats\x64\Debug\link.6420-cvtres.write.1.tlog
C:\Users\lucianav\Documents\Visual Studio 2010\Projects\TrackingRats\TrackingRats\x64\Debug\link.6916.read.1.tlog
C:\Users\lucianav\Documents\Visual Studio 2010\Projects\TrackingRats\TrackingRats\x64\Debug\link.6916.write.1.tlog
C:\Users\lucianav\Documents\Visual Studio 2010\Projects\TrackingRats\TrackingRats\x64\Debug\link.6916-cvtres.read.1.tlog
C:\Users\lucianav\Documents\Visual Studio 2010\Projects\TrackingRats\TrackingRats\x64\Debug\link.6916-cvtres.write.1.tlog
C:\Users\lucianav\Documents\Visual Studio 2010\Projects\TrackingRats\TrackingRats\x64\Debug\link.6984.read.1.tlog
C:\Users\lucianav\Documents\Visual Studio 2010\Projects\TrackingRats\TrackingRats\x64\Debug\link.6984.write.1.tlog
C:\Users\lucianav\Documents\Visual Studio 2010\Projects\TrackingRats\TrackingRats\x64\Debug\link.6984-cvtres.read.1.tlog
C:\Users\lucianav\Documents\Visual Studio 2010\Projects\TrackingRats\TrackingRats\x64\Debug\link.6984-cvtres.write.1.tlog
C:\Users\lucianav\Documents\Visual Studio 2010\Projects\TrackingRats\TrackingRats\x64\Debug\link.7512.read.1.tlog
C:\Users\lucianav\Documents\Visual Studio 2010\Projects\TrackingRats\TrackingRats\x64\Debug\link.7512.write.1.tlog
C:\Users\lucianav\Documents\Visual Studio 2010\Projects\TrackingRats\TrackingRats\x64\Debug\link.7512-cvtres.read.1.tlog
C:\Users\lucianav\Documents\Visual Studio 2010\Projects\TrackingRats\TrackingRats\x64\Debug\link.7512-cvtres.write.1.tlog
C:\Users\lucianav\Documents\Visual Studio 2010\Projects\TrackingRats\TrackingRats\x64\Debug\link.7968.read.1.tlog
C:\Users\lucianav\Documents\Visual Studio 2010\Projects\TrackingRats\TrackingRats\x64\Debug\link.7968.write.1.tlog
C:\Users\lucianav\Documents\Visual Studio 2010\Projects\TrackingRats\TrackingRats\x64\Debug\link.7968-cvtres.read.1.tlog
C:\Users\lucianav\Documents\Visual Studio 2010\Projects\TrackingRats\TrackingRats\x64\Debug\link.7968-cvtres.write.1.tlog
C:\Users\lucianav\Documents\Visual Studio 2010\Projects\TrackingRats\TrackingRats\x64\Debug\link.8104.read.1.tlog
C:\Users\lucianav\Documents\Visual Studio 2010\Projects\TrackingRats\TrackingRats\x64\Debug\link.8104.write.1.tlog
C:\Users\lucianav\Documents\Visual Studio 2010\Projects\TrackingRats\TrackingRats\x64\Debug\link.8104-cvtres.read.1.tlog
C:\Users\lucianav\Documents\Visual Studio 2010\Projects\TrackingRats\TrackingRats\x64\Debug\link.8104-cvtres.write.1.tlog
C:\Users\lucianav\Documents\Visual Studio 2010\Projects\TrackingRats\TrackingRats\x64\Debug\link.command.1.tlog
C:\Users\lucianav\Documents\Visual Studio 2010\Projects\TrackingRats\TrackingRats\x64\Debug\link.read.1.tlog
C:\Users\lucianav\Documents\Visual Studio 2010\Projects\TrackingRats\TrackingRats\x64\Debug\link.write.1.tlog
C:\Users\lucianav\Documents\Visual Studio 2010\Projects\TrackingRats\TrackingRats\x64\Debug\link-cvtres.read.1.tlog
C:\Users\lucianav\Documents\Visual Studio 2010\Projects\TrackingRats\TrackingRats\x64\Debug\link-cvtres.write.1.tlog
C:\USERS\LUCIANAV\DOCUMENTS\VISUAL STUDIO 2010\PROJECTS\TRACKINGRATS\TRACKINGRATS\X64\DEBUG\MAIN.OBJ
C:\Users\lucianav\Documents\Visual Studio 2010\Projects\TrackingRats\TrackingRats\x64\Debug\mt.command.1.tlog
C:\Users\lucianav\Documents\Visual Studio 2010\Projects\TrackingRats\TrackingRats\x64\Debug\mt.read.1.tlog
C:\Users\lucianav\Documents\Visual Studio 2010\Projects\TrackingRats\TrackingRats\x64\Debug\mt.write.1.tlog
C:\Users\lucianav\Documents\Visual Studio 2010\Projects\TrackingRats\TrackingRats\x64\Debug\rc.command.1.tlog
C:\Users\lucianav\Documents\Visual Studio 2010\Projects\TrackingRats\TrackingRats\x64\Debug\rc.read.1.tlog
C:\Users\lucianav\Documents\Visual Studio 2010\Projects\TrackingRats\TrackingRats\x64\Debug\rc.write.1.tlog
C:\USERS\LUCIANAV\DOCUMENTS\VISUAL STUDIO 2010\PROJECTS\TRACKINGRATS\TRACKINGRATS\X64\DEBUG\TRACKINGRATS.EXE.EMBED.MANIFEST
C:\USERS\LUCIANAV\DOCUMENTS\VISUAL STUDIO 2010\PROJECTS\TRACKINGRATS\TRACKINGRATS\X64\DEBUG\TRACKINGRATS.EXE.EMBED.MANIFEST.RES
C:\USERS\LUCIANAV\DOCUMENTS\VISUAL STUDIO 2010\PROJECTS\TRACKINGRATS\TRACKINGRATS\X64\DEBUG\TRACKINGRATS.EXE.INTERMEDIATE.MANIFEST
C:\Users\lucianav\Documents\Visual Studio 2010\Projects\TrackingRats\TrackingRats\x64\Debug\TrackingRats_manifest.rc
C:\Users\lucianav\Documents\Visual Studio 2010\Projects\TrackingRats\TrackingRats\x64\Debug\vc100.idb
C:\USERS\LUCIANAV\DOCUMENTS\VISUAL STUDIO 2010\PROJECTS\TRACKINGRATS\TRACKINGRATS\X64\DEBUG\VC100.PDB
C:\USERS\LUCIANAV\DOCUMENTS\VISUAL STUDIO 2010\PROJECTS\TRACKINGRATS\X64\DEBUG\TRACKINGRATS.EXE
C:\USERS\LUCIANAV\DOCUMENTS\VISUAL STUDIO 2010\PROJECTS\TRACKINGRATS\X64\DEBUG\TRACKINGRATS.ILK
C:\USERS\LUCIANAV\DOCUMENTS\VISUAL STUDIO 2010\PROJECTS\TRACKINGRATS\X64\DEBUG\TRACKINGRATS.PDB
