C:\Users\lucianav\Documents\Visual Studio 2010\Projects\ImageProcessing01\ImageProcessing01\x64\Debug\cl.command.1.tlog
C:\Users\lucianav\Documents\Visual Studio 2010\Projects\ImageProcessing01\ImageProcessing01\x64\Debug\CL.read.1.tlog
C:\Users\lucianav\Documents\Visual Studio 2010\Projects\ImageProcessing01\ImageProcessing01\x64\Debug\CL.write.1.tlog
C:\USERS\LUCIANAV\DOCUMENTS\VISUAL STUDIO 2010\PROJECTS\IMAGEPROCESSING01\IMAGEPROCESSING01\X64\DEBUG\DEBUGT.OBJ
C:\USERS\LUCIANAV\DOCUMENTS\VISUAL STUDIO 2010\PROJECTS\IMAGEPROCESSING01\IMAGEPROCESSING01\X64\DEBUG\IMAGEFRAMEBUFFER.OBJ
C:\USERS\LUCIANAV\DOCUMENTS\VISUAL STUDIO 2010\PROJECTS\IMAGEPROCESSING01\IMAGEPROCESSING01\X64\DEBUG\IMAGEPROC.OBJ
C:\USERS\LUCIANAV\DOCUMENTS\VISUAL STUDIO 2010\PROJECTS\IMAGEPROCESSING01\IMAGEPROCESSING01\X64\DEBUG\IMAGEPROCESSING01.EXE.EMBED.MANIFEST
C:\USERS\LUCIANAV\DOCUMENTS\VISUAL STUDIO 2010\PROJECTS\IMAGEPROCESSING01\IMAGEPROCESSING01\X64\DEBUG\IMAGEPROCESSING01.EXE.EMBED.MANIFEST.RES
C:\USERS\LUCIANAV\DOCUMENTS\VISUAL STUDIO 2010\PROJECTS\IMAGEPROCESSING01\IMAGEPROCESSING01\X64\DEBUG\IMAGEPROCESSING01.EXE.INTERMEDIATE.MANIFEST
C:\Users\lucianav\Documents\Visual Studio 2010\Projects\ImageProcessing01\ImageProcessing01\x64\Debug\ImageProcessing01_manifest.rc
C:\Users\lucianav\Documents\Visual Studio 2010\Projects\ImageProcessing01\ImageProcessing01\x64\Debug\link.1028.read.1.tlog
C:\Users\lucianav\Documents\Visual Studio 2010\Projects\ImageProcessing01\ImageProcessing01\x64\Debug\link.1028.write.1.tlog
C:\Users\lucianav\Documents\Visual Studio 2010\Projects\ImageProcessing01\ImageProcessing01\x64\Debug\link.1028-cvtres.read.1.tlog
C:\Users\lucianav\Documents\Visual Studio 2010\Projects\ImageProcessing01\ImageProcessing01\x64\Debug\link.1028-cvtres.write.1.tlog
C:\Users\lucianav\Documents\Visual Studio 2010\Projects\ImageProcessing01\ImageProcessing01\x64\Debug\link.1616.read.1.tlog
C:\Users\lucianav\Documents\Visual Studio 2010\Projects\ImageProcessing01\ImageProcessing01\x64\Debug\link.1616.write.1.tlog
C:\Users\lucianav\Documents\Visual Studio 2010\Projects\ImageProcessing01\ImageProcessing01\x64\Debug\link.1616-cvtres.read.1.tlog
C:\Users\lucianav\Documents\Visual Studio 2010\Projects\ImageProcessing01\ImageProcessing01\x64\Debug\link.1616-cvtres.write.1.tlog
C:\Users\lucianav\Documents\Visual Studio 2010\Projects\ImageProcessing01\ImageProcessing01\x64\Debug\link.2368.read.1.tlog
C:\Users\lucianav\Documents\Visual Studio 2010\Projects\ImageProcessing01\ImageProcessing01\x64\Debug\link.2368.write.1.tlog
C:\Users\lucianav\Documents\Visual Studio 2010\Projects\ImageProcessing01\ImageProcessing01\x64\Debug\link.2368-cvtres.read.1.tlog
C:\Users\lucianav\Documents\Visual Studio 2010\Projects\ImageProcessing01\ImageProcessing01\x64\Debug\link.2368-cvtres.write.1.tlog
C:\Users\lucianav\Documents\Visual Studio 2010\Projects\ImageProcessing01\ImageProcessing01\x64\Debug\link.2964.read.1.tlog
C:\Users\lucianav\Documents\Visual Studio 2010\Projects\ImageProcessing01\ImageProcessing01\x64\Debug\link.2964.write.1.tlog
C:\Users\lucianav\Documents\Visual Studio 2010\Projects\ImageProcessing01\ImageProcessing01\x64\Debug\link.2964-cvtres.read.1.tlog
C:\Users\lucianav\Documents\Visual Studio 2010\Projects\ImageProcessing01\ImageProcessing01\x64\Debug\link.2964-cvtres.write.1.tlog
C:\Users\lucianav\Documents\Visual Studio 2010\Projects\ImageProcessing01\ImageProcessing01\x64\Debug\link.4248.read.1.tlog
C:\Users\lucianav\Documents\Visual Studio 2010\Projects\ImageProcessing01\ImageProcessing01\x64\Debug\link.4248.write.1.tlog
C:\Users\lucianav\Documents\Visual Studio 2010\Projects\ImageProcessing01\ImageProcessing01\x64\Debug\link.4248-cvtres.read.1.tlog
C:\Users\lucianav\Documents\Visual Studio 2010\Projects\ImageProcessing01\ImageProcessing01\x64\Debug\link.4248-cvtres.write.1.tlog
C:\Users\lucianav\Documents\Visual Studio 2010\Projects\ImageProcessing01\ImageProcessing01\x64\Debug\link.4596.read.1.tlog
C:\Users\lucianav\Documents\Visual Studio 2010\Projects\ImageProcessing01\ImageProcessing01\x64\Debug\link.4596.write.1.tlog
C:\Users\lucianav\Documents\Visual Studio 2010\Projects\ImageProcessing01\ImageProcessing01\x64\Debug\link.4596-cvtres.read.1.tlog
C:\Users\lucianav\Documents\Visual Studio 2010\Projects\ImageProcessing01\ImageProcessing01\x64\Debug\link.4596-cvtres.write.1.tlog
C:\Users\lucianav\Documents\Visual Studio 2010\Projects\ImageProcessing01\ImageProcessing01\x64\Debug\link.4764.read.1.tlog
C:\Users\lucianav\Documents\Visual Studio 2010\Projects\ImageProcessing01\ImageProcessing01\x64\Debug\link.4764.write.1.tlog
C:\Users\lucianav\Documents\Visual Studio 2010\Projects\ImageProcessing01\ImageProcessing01\x64\Debug\link.4764-cvtres.read.1.tlog
C:\Users\lucianav\Documents\Visual Studio 2010\Projects\ImageProcessing01\ImageProcessing01\x64\Debug\link.4764-cvtres.write.1.tlog
C:\Users\lucianav\Documents\Visual Studio 2010\Projects\ImageProcessing01\ImageProcessing01\x64\Debug\link.4848.read.1.tlog
C:\Users\lucianav\Documents\Visual Studio 2010\Projects\ImageProcessing01\ImageProcessing01\x64\Debug\link.4848.write.1.tlog
C:\Users\lucianav\Documents\Visual Studio 2010\Projects\ImageProcessing01\ImageProcessing01\x64\Debug\link.4848-cvtres.read.1.tlog
C:\Users\lucianav\Documents\Visual Studio 2010\Projects\ImageProcessing01\ImageProcessing01\x64\Debug\link.4848-cvtres.write.1.tlog
C:\Users\lucianav\Documents\Visual Studio 2010\Projects\ImageProcessing01\ImageProcessing01\x64\Debug\link.5132.read.1.tlog
C:\Users\lucianav\Documents\Visual Studio 2010\Projects\ImageProcessing01\ImageProcessing01\x64\Debug\link.5132.write.1.tlog
C:\Users\lucianav\Documents\Visual Studio 2010\Projects\ImageProcessing01\ImageProcessing01\x64\Debug\link.5132-cvtres.read.1.tlog
C:\Users\lucianav\Documents\Visual Studio 2010\Projects\ImageProcessing01\ImageProcessing01\x64\Debug\link.5132-cvtres.write.1.tlog
C:\Users\lucianav\Documents\Visual Studio 2010\Projects\ImageProcessing01\ImageProcessing01\x64\Debug\link.5748.read.1.tlog
C:\Users\lucianav\Documents\Visual Studio 2010\Projects\ImageProcessing01\ImageProcessing01\x64\Debug\link.5748.write.1.tlog
C:\Users\lucianav\Documents\Visual Studio 2010\Projects\ImageProcessing01\ImageProcessing01\x64\Debug\link.5748-cvtres.read.1.tlog
C:\Users\lucianav\Documents\Visual Studio 2010\Projects\ImageProcessing01\ImageProcessing01\x64\Debug\link.5748-cvtres.write.1.tlog
C:\Users\lucianav\Documents\Visual Studio 2010\Projects\ImageProcessing01\ImageProcessing01\x64\Debug\link.6192.read.1.tlog
C:\Users\lucianav\Documents\Visual Studio 2010\Projects\ImageProcessing01\ImageProcessing01\x64\Debug\link.6192.write.1.tlog
C:\Users\lucianav\Documents\Visual Studio 2010\Projects\ImageProcessing01\ImageProcessing01\x64\Debug\link.6192-cvtres.read.1.tlog
C:\Users\lucianav\Documents\Visual Studio 2010\Projects\ImageProcessing01\ImageProcessing01\x64\Debug\link.6192-cvtres.write.1.tlog
C:\Users\lucianav\Documents\Visual Studio 2010\Projects\ImageProcessing01\ImageProcessing01\x64\Debug\link.6196.read.1.tlog
C:\Users\lucianav\Documents\Visual Studio 2010\Projects\ImageProcessing01\ImageProcessing01\x64\Debug\link.6196.write.1.tlog
C:\Users\lucianav\Documents\Visual Studio 2010\Projects\ImageProcessing01\ImageProcessing01\x64\Debug\link.6196-cvtres.read.1.tlog
C:\Users\lucianav\Documents\Visual Studio 2010\Projects\ImageProcessing01\ImageProcessing01\x64\Debug\link.6196-cvtres.write.1.tlog
C:\Users\lucianav\Documents\Visual Studio 2010\Projects\ImageProcessing01\ImageProcessing01\x64\Debug\link.6244.read.1.tlog
C:\Users\lucianav\Documents\Visual Studio 2010\Projects\ImageProcessing01\ImageProcessing01\x64\Debug\link.6244.write.1.tlog
C:\Users\lucianav\Documents\Visual Studio 2010\Projects\ImageProcessing01\ImageProcessing01\x64\Debug\link.6244-cvtres.read.1.tlog
C:\Users\lucianav\Documents\Visual Studio 2010\Projects\ImageProcessing01\ImageProcessing01\x64\Debug\link.6244-cvtres.write.1.tlog
C:\Users\lucianav\Documents\Visual Studio 2010\Projects\ImageProcessing01\ImageProcessing01\x64\Debug\link.6308.read.1.tlog
C:\Users\lucianav\Documents\Visual Studio 2010\Projects\ImageProcessing01\ImageProcessing01\x64\Debug\link.6308.write.1.tlog
C:\Users\lucianav\Documents\Visual Studio 2010\Projects\ImageProcessing01\ImageProcessing01\x64\Debug\link.6308-cvtres.read.1.tlog
C:\Users\lucianav\Documents\Visual Studio 2010\Projects\ImageProcessing01\ImageProcessing01\x64\Debug\link.6308-cvtres.write.1.tlog
C:\Users\lucianav\Documents\Visual Studio 2010\Projects\ImageProcessing01\ImageProcessing01\x64\Debug\link.6376.read.1.tlog
C:\Users\lucianav\Documents\Visual Studio 2010\Projects\ImageProcessing01\ImageProcessing01\x64\Debug\link.6376.write.1.tlog
C:\Users\lucianav\Documents\Visual Studio 2010\Projects\ImageProcessing01\ImageProcessing01\x64\Debug\link.6376-cvtres.read.1.tlog
C:\Users\lucianav\Documents\Visual Studio 2010\Projects\ImageProcessing01\ImageProcessing01\x64\Debug\link.6376-cvtres.write.1.tlog
C:\Users\lucianav\Documents\Visual Studio 2010\Projects\ImageProcessing01\ImageProcessing01\x64\Debug\link.6444.read.1.tlog
C:\Users\lucianav\Documents\Visual Studio 2010\Projects\ImageProcessing01\ImageProcessing01\x64\Debug\link.6444.write.1.tlog
C:\Users\lucianav\Documents\Visual Studio 2010\Projects\ImageProcessing01\ImageProcessing01\x64\Debug\link.6444-cvtres.read.1.tlog
C:\Users\lucianav\Documents\Visual Studio 2010\Projects\ImageProcessing01\ImageProcessing01\x64\Debug\link.6444-cvtres.write.1.tlog
C:\Users\lucianav\Documents\Visual Studio 2010\Projects\ImageProcessing01\ImageProcessing01\x64\Debug\link.6572.read.1.tlog
C:\Users\lucianav\Documents\Visual Studio 2010\Projects\ImageProcessing01\ImageProcessing01\x64\Debug\link.6572.write.1.tlog
C:\Users\lucianav\Documents\Visual Studio 2010\Projects\ImageProcessing01\ImageProcessing01\x64\Debug\link.6572-cvtres.read.1.tlog
C:\Users\lucianav\Documents\Visual Studio 2010\Projects\ImageProcessing01\ImageProcessing01\x64\Debug\link.6572-cvtres.write.1.tlog
C:\Users\lucianav\Documents\Visual Studio 2010\Projects\ImageProcessing01\ImageProcessing01\x64\Debug\link.6592.read.1.tlog
C:\Users\lucianav\Documents\Visual Studio 2010\Projects\ImageProcessing01\ImageProcessing01\x64\Debug\link.6592.write.1.tlog
C:\Users\lucianav\Documents\Visual Studio 2010\Projects\ImageProcessing01\ImageProcessing01\x64\Debug\link.6592-cvtres.read.1.tlog
C:\Users\lucianav\Documents\Visual Studio 2010\Projects\ImageProcessing01\ImageProcessing01\x64\Debug\link.6592-cvtres.write.1.tlog
C:\Users\lucianav\Documents\Visual Studio 2010\Projects\ImageProcessing01\ImageProcessing01\x64\Debug\link.6608.read.1.tlog
C:\Users\lucianav\Documents\Visual Studio 2010\Projects\ImageProcessing01\ImageProcessing01\x64\Debug\link.6608.write.1.tlog
C:\Users\lucianav\Documents\Visual Studio 2010\Projects\ImageProcessing01\ImageProcessing01\x64\Debug\link.6608-cvtres.read.1.tlog
C:\Users\lucianav\Documents\Visual Studio 2010\Projects\ImageProcessing01\ImageProcessing01\x64\Debug\link.6608-cvtres.write.1.tlog
C:\Users\lucianav\Documents\Visual Studio 2010\Projects\ImageProcessing01\ImageProcessing01\x64\Debug\link.6652.read.1.tlog
C:\Users\lucianav\Documents\Visual Studio 2010\Projects\ImageProcessing01\ImageProcessing01\x64\Debug\link.6652.write.1.tlog
C:\Users\lucianav\Documents\Visual Studio 2010\Projects\ImageProcessing01\ImageProcessing01\x64\Debug\link.6652-cvtres.read.1.tlog
C:\Users\lucianav\Documents\Visual Studio 2010\Projects\ImageProcessing01\ImageProcessing01\x64\Debug\link.6652-cvtres.write.1.tlog
C:\Users\lucianav\Documents\Visual Studio 2010\Projects\ImageProcessing01\ImageProcessing01\x64\Debug\link.6680.read.1.tlog
C:\Users\lucianav\Documents\Visual Studio 2010\Projects\ImageProcessing01\ImageProcessing01\x64\Debug\link.6680.write.1.tlog
C:\Users\lucianav\Documents\Visual Studio 2010\Projects\ImageProcessing01\ImageProcessing01\x64\Debug\link.6680-cvtres.read.1.tlog
C:\Users\lucianav\Documents\Visual Studio 2010\Projects\ImageProcessing01\ImageProcessing01\x64\Debug\link.6680-cvtres.write.1.tlog
C:\Users\lucianav\Documents\Visual Studio 2010\Projects\ImageProcessing01\ImageProcessing01\x64\Debug\link.6744.read.1.tlog
C:\Users\lucianav\Documents\Visual Studio 2010\Projects\ImageProcessing01\ImageProcessing01\x64\Debug\link.6744.write.1.tlog
C:\Users\lucianav\Documents\Visual Studio 2010\Projects\ImageProcessing01\ImageProcessing01\x64\Debug\link.6744-cvtres.read.1.tlog
C:\Users\lucianav\Documents\Visual Studio 2010\Projects\ImageProcessing01\ImageProcessing01\x64\Debug\link.6744-cvtres.write.1.tlog
C:\Users\lucianav\Documents\Visual Studio 2010\Projects\ImageProcessing01\ImageProcessing01\x64\Debug\link.6808.read.1.tlog
C:\Users\lucianav\Documents\Visual Studio 2010\Projects\ImageProcessing01\ImageProcessing01\x64\Debug\link.6808.write.1.tlog
C:\Users\lucianav\Documents\Visual Studio 2010\Projects\ImageProcessing01\ImageProcessing01\x64\Debug\link.6808-cvtres.read.1.tlog
C:\Users\lucianav\Documents\Visual Studio 2010\Projects\ImageProcessing01\ImageProcessing01\x64\Debug\link.6808-cvtres.write.1.tlog
C:\Users\lucianav\Documents\Visual Studio 2010\Projects\ImageProcessing01\ImageProcessing01\x64\Debug\link.6940.read.1.tlog
C:\Users\lucianav\Documents\Visual Studio 2010\Projects\ImageProcessing01\ImageProcessing01\x64\Debug\link.6940.write.1.tlog
C:\Users\lucianav\Documents\Visual Studio 2010\Projects\ImageProcessing01\ImageProcessing01\x64\Debug\link.6940-cvtres.read.1.tlog
C:\Users\lucianav\Documents\Visual Studio 2010\Projects\ImageProcessing01\ImageProcessing01\x64\Debug\link.6940-cvtres.write.1.tlog
C:\Users\lucianav\Documents\Visual Studio 2010\Projects\ImageProcessing01\ImageProcessing01\x64\Debug\link.7064.read.1.tlog
C:\Users\lucianav\Documents\Visual Studio 2010\Projects\ImageProcessing01\ImageProcessing01\x64\Debug\link.7064.write.1.tlog
C:\Users\lucianav\Documents\Visual Studio 2010\Projects\ImageProcessing01\ImageProcessing01\x64\Debug\link.7064-cvtres.read.1.tlog
C:\Users\lucianav\Documents\Visual Studio 2010\Projects\ImageProcessing01\ImageProcessing01\x64\Debug\link.7064-cvtres.write.1.tlog
C:\Users\lucianav\Documents\Visual Studio 2010\Projects\ImageProcessing01\ImageProcessing01\x64\Debug\link.7148.read.1.tlog
C:\Users\lucianav\Documents\Visual Studio 2010\Projects\ImageProcessing01\ImageProcessing01\x64\Debug\link.7148.write.1.tlog
C:\Users\lucianav\Documents\Visual Studio 2010\Projects\ImageProcessing01\ImageProcessing01\x64\Debug\link.7148-cvtres.read.1.tlog
C:\Users\lucianav\Documents\Visual Studio 2010\Projects\ImageProcessing01\ImageProcessing01\x64\Debug\link.7148-cvtres.write.1.tlog
C:\Users\lucianav\Documents\Visual Studio 2010\Projects\ImageProcessing01\ImageProcessing01\x64\Debug\link.8128.read.1.tlog
C:\Users\lucianav\Documents\Visual Studio 2010\Projects\ImageProcessing01\ImageProcessing01\x64\Debug\link.8128.write.1.tlog
C:\Users\lucianav\Documents\Visual Studio 2010\Projects\ImageProcessing01\ImageProcessing01\x64\Debug\link.8128-cvtres.read.1.tlog
C:\Users\lucianav\Documents\Visual Studio 2010\Projects\ImageProcessing01\ImageProcessing01\x64\Debug\link.8128-cvtres.write.1.tlog
C:\Users\lucianav\Documents\Visual Studio 2010\Projects\ImageProcessing01\ImageProcessing01\x64\Debug\link.876.read.1.tlog
C:\Users\lucianav\Documents\Visual Studio 2010\Projects\ImageProcessing01\ImageProcessing01\x64\Debug\link.876.write.1.tlog
C:\Users\lucianav\Documents\Visual Studio 2010\Projects\ImageProcessing01\ImageProcessing01\x64\Debug\link.876-cvtres.read.1.tlog
C:\Users\lucianav\Documents\Visual Studio 2010\Projects\ImageProcessing01\ImageProcessing01\x64\Debug\link.876-cvtres.write.1.tlog
C:\Users\lucianav\Documents\Visual Studio 2010\Projects\ImageProcessing01\ImageProcessing01\x64\Debug\link.956.read.1.tlog
C:\Users\lucianav\Documents\Visual Studio 2010\Projects\ImageProcessing01\ImageProcessing01\x64\Debug\link.956.write.1.tlog
C:\Users\lucianav\Documents\Visual Studio 2010\Projects\ImageProcessing01\ImageProcessing01\x64\Debug\link.956-cvtres.read.1.tlog
C:\Users\lucianav\Documents\Visual Studio 2010\Projects\ImageProcessing01\ImageProcessing01\x64\Debug\link.956-cvtres.write.1.tlog
C:\Users\lucianav\Documents\Visual Studio 2010\Projects\ImageProcessing01\ImageProcessing01\x64\Debug\link.command.1.tlog
C:\Users\lucianav\Documents\Visual Studio 2010\Projects\ImageProcessing01\ImageProcessing01\x64\Debug\link.read.1.tlog
C:\Users\lucianav\Documents\Visual Studio 2010\Projects\ImageProcessing01\ImageProcessing01\x64\Debug\link.write.1.tlog
C:\Users\lucianav\Documents\Visual Studio 2010\Projects\ImageProcessing01\ImageProcessing01\x64\Debug\link-cvtres.read.1.tlog
C:\Users\lucianav\Documents\Visual Studio 2010\Projects\ImageProcessing01\ImageProcessing01\x64\Debug\link-cvtres.write.1.tlog
C:\USERS\LUCIANAV\DOCUMENTS\VISUAL STUDIO 2010\PROJECTS\IMAGEPROCESSING01\IMAGEPROCESSING01\X64\DEBUG\MAIN.OBJ
C:\Users\lucianav\Documents\Visual Studio 2010\Projects\ImageProcessing01\ImageProcessing01\x64\Debug\mt.command.1.tlog
C:\Users\lucianav\Documents\Visual Studio 2010\Projects\ImageProcessing01\ImageProcessing01\x64\Debug\mt.read.1.tlog
C:\Users\lucianav\Documents\Visual Studio 2010\Projects\ImageProcessing01\ImageProcessing01\x64\Debug\mt.write.1.tlog
C:\Users\lucianav\Documents\Visual Studio 2010\Projects\ImageProcessing01\ImageProcessing01\x64\Debug\rc.command.1.tlog
C:\Users\lucianav\Documents\Visual Studio 2010\Projects\ImageProcessing01\ImageProcessing01\x64\Debug\rc.read.1.tlog
C:\Users\lucianav\Documents\Visual Studio 2010\Projects\ImageProcessing01\ImageProcessing01\x64\Debug\rc.write.1.tlog
C:\Users\lucianav\Documents\Visual Studio 2010\Projects\ImageProcessing01\ImageProcessing01\x64\Debug\vc100.idb
C:\USERS\LUCIANAV\DOCUMENTS\VISUAL STUDIO 2010\PROJECTS\IMAGEPROCESSING01\IMAGEPROCESSING01\X64\DEBUG\VC100.PDB
C:\USERS\LUCIANAV\DOCUMENTS\VISUAL STUDIO 2010\PROJECTS\IMAGEPROCESSING01\X64\DEBUG\IMAGEPROCESSING01.EXE
C:\USERS\LUCIANAV\DOCUMENTS\VISUAL STUDIO 2010\PROJECTS\IMAGEPROCESSING01\X64\DEBUG\IMAGEPROCESSING01.ILK
C:\USERS\LUCIANAV\DOCUMENTS\VISUAL STUDIO 2010\PROJECTS\IMAGEPROCESSING01\X64\DEBUG\IMAGEPROCESSING01.PDB
