C:\Users\lucianav\Documents\Visual Studio 2010\Projects\ImageProcDLL\ImageProcDLL\x64\Debug\cl.command.1.tlog
C:\Users\lucianav\Documents\Visual Studio 2010\Projects\ImageProcDLL\ImageProcDLL\x64\Debug\CL.read.1.tlog
C:\Users\lucianav\Documents\Visual Studio 2010\Projects\ImageProcDLL\ImageProcDLL\x64\Debug\CL.write.1.tlog
C:\USERS\LUCIANAV\DOCUMENTS\VISUAL STUDIO 2010\PROJECTS\IMAGEPROCDLL\IMAGEPROCDLL\X64\DEBUG\DEBUGT.OBJ
C:\USERS\LUCIANAV\DOCUMENTS\VISUAL STUDIO 2010\PROJECTS\IMAGEPROCDLL\IMAGEPROCDLL\X64\DEBUG\DLLMAIN.OBJ
C:\USERS\LUCIANAV\DOCUMENTS\VISUAL STUDIO 2010\PROJECTS\IMAGEPROCDLL\IMAGEPROCDLL\X64\DEBUG\IMAGEFRAMEBUFFER.OBJ
C:\USERS\LUCIANAV\DOCUMENTS\VISUAL STUDIO 2010\PROJECTS\IMAGEPROCDLL\IMAGEPROCDLL\X64\DEBUG\IMAGEPROC.OBJ
C:\USERS\LUCIANAV\DOCUMENTS\VISUAL STUDIO 2010\PROJECTS\IMAGEPROCDLL\IMAGEPROCDLL\X64\DEBUG\IMAGEPROCDLL.DLL.EMBED.MANIFEST
C:\USERS\LUCIANAV\DOCUMENTS\VISUAL STUDIO 2010\PROJECTS\IMAGEPROCDLL\IMAGEPROCDLL\X64\DEBUG\IMAGEPROCDLL.DLL.EMBED.MANIFEST.RES
C:\USERS\LUCIANAV\DOCUMENTS\VISUAL STUDIO 2010\PROJECTS\IMAGEPROCDLL\IMAGEPROCDLL\X64\DEBUG\IMAGEPROCDLL.DLL.INTERMEDIATE.MANIFEST
C:\USERS\LUCIANAV\DOCUMENTS\VISUAL STUDIO 2010\PROJECTS\IMAGEPROCDLL\IMAGEPROCDLL\X64\DEBUG\IMAGEPROCDLL.OBJ
C:\USERS\LUCIANAV\DOCUMENTS\VISUAL STUDIO 2010\PROJECTS\IMAGEPROCDLL\IMAGEPROCDLL\X64\DEBUG\IMAGEPROCDLL.PCH
C:\Users\lucianav\Documents\Visual Studio 2010\Projects\ImageProcDLL\ImageProcDLL\x64\Debug\ImageProcDLL.write.1.tlog
C:\Users\lucianav\Documents\Visual Studio 2010\Projects\ImageProcDLL\ImageProcDLL\x64\Debug\ImageProcDLL_manifest.rc
C:\Users\lucianav\Documents\Visual Studio 2010\Projects\ImageProcDLL\ImageProcDLL\x64\Debug\lib.command.1.tlog
C:\Users\lucianav\Documents\Visual Studio 2010\Projects\ImageProcDLL\ImageProcDLL\x64\Debug\Lib-link.read.1.tlog
C:\Users\lucianav\Documents\Visual Studio 2010\Projects\ImageProcDLL\ImageProcDLL\x64\Debug\Lib-link.write.1.tlog
C:\Users\lucianav\Documents\Visual Studio 2010\Projects\ImageProcDLL\ImageProcDLL\x64\Debug\link.1032.read.1.tlog
C:\Users\lucianav\Documents\Visual Studio 2010\Projects\ImageProcDLL\ImageProcDLL\x64\Debug\link.1032.write.1.tlog
C:\Users\lucianav\Documents\Visual Studio 2010\Projects\ImageProcDLL\ImageProcDLL\x64\Debug\link.1032-cvtres.read.1.tlog
C:\Users\lucianav\Documents\Visual Studio 2010\Projects\ImageProcDLL\ImageProcDLL\x64\Debug\link.1032-cvtres.write.1.tlog
C:\Users\lucianav\Documents\Visual Studio 2010\Projects\ImageProcDLL\ImageProcDLL\x64\Debug\link.7392.read.1.tlog
C:\Users\lucianav\Documents\Visual Studio 2010\Projects\ImageProcDLL\ImageProcDLL\x64\Debug\link.7392.write.1.tlog
C:\Users\lucianav\Documents\Visual Studio 2010\Projects\ImageProcDLL\ImageProcDLL\x64\Debug\link.7392-cvtres.read.1.tlog
C:\Users\lucianav\Documents\Visual Studio 2010\Projects\ImageProcDLL\ImageProcDLL\x64\Debug\link.7392-cvtres.write.1.tlog
C:\Users\lucianav\Documents\Visual Studio 2010\Projects\ImageProcDLL\ImageProcDLL\x64\Debug\link.command.1.tlog
C:\Users\lucianav\Documents\Visual Studio 2010\Projects\ImageProcDLL\ImageProcDLL\x64\Debug\link.read.1.tlog
C:\Users\lucianav\Documents\Visual Studio 2010\Projects\ImageProcDLL\ImageProcDLL\x64\Debug\link.write.1.tlog
C:\Users\lucianav\Documents\Visual Studio 2010\Projects\ImageProcDLL\ImageProcDLL\x64\Debug\link-cvtres.read.1.tlog
C:\Users\lucianav\Documents\Visual Studio 2010\Projects\ImageProcDLL\ImageProcDLL\x64\Debug\link-cvtres.write.1.tlog
C:\Users\lucianav\Documents\Visual Studio 2010\Projects\ImageProcDLL\ImageProcDLL\x64\Debug\mt.command.1.tlog
C:\Users\lucianav\Documents\Visual Studio 2010\Projects\ImageProcDLL\ImageProcDLL\x64\Debug\mt.read.1.tlog
C:\Users\lucianav\Documents\Visual Studio 2010\Projects\ImageProcDLL\ImageProcDLL\x64\Debug\mt.write.1.tlog
C:\Users\lucianav\Documents\Visual Studio 2010\Projects\ImageProcDLL\ImageProcDLL\x64\Debug\rc.command.1.tlog
C:\Users\lucianav\Documents\Visual Studio 2010\Projects\ImageProcDLL\ImageProcDLL\x64\Debug\rc.read.1.tlog
C:\Users\lucianav\Documents\Visual Studio 2010\Projects\ImageProcDLL\ImageProcDLL\x64\Debug\rc.write.1.tlog
C:\USERS\LUCIANAV\DOCUMENTS\VISUAL STUDIO 2010\PROJECTS\IMAGEPROCDLL\IMAGEPROCDLL\X64\DEBUG\STDAFX.OBJ
C:\Users\lucianav\Documents\Visual Studio 2010\Projects\ImageProcDLL\ImageProcDLL\x64\Debug\vc100.idb
C:\USERS\LUCIANAV\DOCUMENTS\VISUAL STUDIO 2010\PROJECTS\IMAGEPROCDLL\IMAGEPROCDLL\X64\DEBUG\VC100.PDB
C:\USERS\LUCIANAV\DOCUMENTS\VISUAL STUDIO 2010\PROJECTS\IMAGEPROCDLL\X64\DEBUG\IMAGEPROCDLL.DLL
C:\Users\lucianav\Documents\Visual Studio 2010\Projects\ImageProcDLL\x64\Debug\ImageProcDLL.exp
C:\USERS\LUCIANAV\DOCUMENTS\VISUAL STUDIO 2010\PROJECTS\IMAGEPROCDLL\X64\DEBUG\IMAGEPROCDLL.ILK
C:\USERS\LUCIANAV\DOCUMENTS\VISUAL STUDIO 2010\PROJECTS\IMAGEPROCDLL\X64\DEBUG\IMAGEPROCDLL.LIB
C:\USERS\LUCIANAV\DOCUMENTS\VISUAL STUDIO 2010\PROJECTS\IMAGEPROCDLL\X64\DEBUG\IMAGEPROCDLL.PDB
