C:\Users\lucianav\Documents\Visual Studio 2010\Projects\ROI_RegionOfInterest_Crop\ROI_RegionOfInterest_Crop\x64\Debug\cl.command.1.tlog
C:\Users\lucianav\Documents\Visual Studio 2010\Projects\ROI_RegionOfInterest_Crop\ROI_RegionOfInterest_Crop\x64\Debug\CL.read.1.tlog
C:\Users\lucianav\Documents\Visual Studio 2010\Projects\ROI_RegionOfInterest_Crop\ROI_RegionOfInterest_Crop\x64\Debug\CL.write.1.tlog
C:\Users\lucianav\Documents\Visual Studio 2010\Projects\ROI_RegionOfInterest_Crop\ROI_RegionOfInterest_Crop\x64\Debug\link.4812.read.1.tlog
C:\Users\lucianav\Documents\Visual Studio 2010\Projects\ROI_RegionOfInterest_Crop\ROI_RegionOfInterest_Crop\x64\Debug\link.4812.write.1.tlog
C:\Users\lucianav\Documents\Visual Studio 2010\Projects\ROI_RegionOfInterest_Crop\ROI_RegionOfInterest_Crop\x64\Debug\link.4812-cvtres.read.1.tlog
C:\Users\lucianav\Documents\Visual Studio 2010\Projects\ROI_RegionOfInterest_Crop\ROI_RegionOfInterest_Crop\x64\Debug\link.4812-cvtres.write.1.tlog
C:\Users\lucianav\Documents\Visual Studio 2010\Projects\ROI_RegionOfInterest_Crop\ROI_RegionOfInterest_Crop\x64\Debug\link.command.1.tlog
C:\Users\lucianav\Documents\Visual Studio 2010\Projects\ROI_RegionOfInterest_Crop\ROI_RegionOfInterest_Crop\x64\Debug\link.read.1.tlog
C:\Users\lucianav\Documents\Visual Studio 2010\Projects\ROI_RegionOfInterest_Crop\ROI_RegionOfInterest_Crop\x64\Debug\link.write.1.tlog
C:\Users\lucianav\Documents\Visual Studio 2010\Projects\ROI_RegionOfInterest_Crop\ROI_RegionOfInterest_Crop\x64\Debug\link-cvtres.read.1.tlog
C:\Users\lucianav\Documents\Visual Studio 2010\Projects\ROI_RegionOfInterest_Crop\ROI_RegionOfInterest_Crop\x64\Debug\link-cvtres.write.1.tlog
C:\USERS\LUCIANAV\DOCUMENTS\VISUAL STUDIO 2010\PROJECTS\ROI_REGIONOFINTEREST_CROP\ROI_REGIONOFINTEREST_CROP\X64\DEBUG\MAIN.OBJ
C:\Users\lucianav\Documents\Visual Studio 2010\Projects\ROI_RegionOfInterest_Crop\ROI_RegionOfInterest_Crop\x64\Debug\mt.command.1.tlog
C:\Users\lucianav\Documents\Visual Studio 2010\Projects\ROI_RegionOfInterest_Crop\ROI_RegionOfInterest_Crop\x64\Debug\mt.read.1.tlog
C:\Users\lucianav\Documents\Visual Studio 2010\Projects\ROI_RegionOfInterest_Crop\ROI_RegionOfInterest_Crop\x64\Debug\mt.write.1.tlog
C:\Users\lucianav\Documents\Visual Studio 2010\Projects\ROI_RegionOfInterest_Crop\ROI_RegionOfInterest_Crop\x64\Debug\rc.command.1.tlog
C:\Users\lucianav\Documents\Visual Studio 2010\Projects\ROI_RegionOfInterest_Crop\ROI_RegionOfInterest_Crop\x64\Debug\rc.read.1.tlog
C:\Users\lucianav\Documents\Visual Studio 2010\Projects\ROI_RegionOfInterest_Crop\ROI_RegionOfInterest_Crop\x64\Debug\rc.write.1.tlog
C:\USERS\LUCIANAV\DOCUMENTS\VISUAL STUDIO 2010\PROJECTS\ROI_REGIONOFINTEREST_CROP\ROI_REGIONOFINTEREST_CROP\X64\DEBUG\ROI_REGIONOFINTEREST_CROP.EXE.EMBED.MANIFEST
C:\USERS\LUCIANAV\DOCUMENTS\VISUAL STUDIO 2010\PROJECTS\ROI_REGIONOFINTEREST_CROP\ROI_REGIONOFINTEREST_CROP\X64\DEBUG\ROI_REGIONOFINTEREST_CROP.EXE.EMBED.MANIFEST.RES
C:\USERS\LUCIANAV\DOCUMENTS\VISUAL STUDIO 2010\PROJECTS\ROI_REGIONOFINTEREST_CROP\ROI_REGIONOFINTEREST_CROP\X64\DEBUG\ROI_REGIONOFINTEREST_CROP.EXE.INTERMEDIATE.MANIFEST
C:\Users\lucianav\Documents\Visual Studio 2010\Projects\ROI_RegionOfInterest_Crop\ROI_RegionOfInterest_Crop\x64\Debug\ROI_RegionOfInterest_Crop_manifest.rc
C:\Users\lucianav\Documents\Visual Studio 2010\Projects\ROI_RegionOfInterest_Crop\ROI_RegionOfInterest_Crop\x64\Debug\vc100.idb
C:\USERS\LUCIANAV\DOCUMENTS\VISUAL STUDIO 2010\PROJECTS\ROI_REGIONOFINTEREST_CROP\ROI_REGIONOFINTEREST_CROP\X64\DEBUG\VC100.PDB
C:\USERS\LUCIANAV\DOCUMENTS\VISUAL STUDIO 2010\PROJECTS\ROI_REGIONOFINTEREST_CROP\X64\DEBUG\ROI_REGIONOFINTEREST_CROP.EXE
C:\USERS\LUCIANAV\DOCUMENTS\VISUAL STUDIO 2010\PROJECTS\ROI_REGIONOFINTEREST_CROP\X64\DEBUG\ROI_REGIONOFINTEREST_CROP.ILK
C:\USERS\LUCIANAV\DOCUMENTS\VISUAL STUDIO 2010\PROJECTS\ROI_REGIONOFINTEREST_CROP\X64\DEBUG\ROI_REGIONOFINTEREST_CROP.PDB
