C:\Users\lucianav\Documents\Visual Studio 2010\Projects\RatsImageProcessing\RatsImageProcessing\x64\Debug\cl.command.1.tlog
C:\Users\lucianav\Documents\Visual Studio 2010\Projects\RatsImageProcessing\RatsImageProcessing\x64\Debug\CL.read.1.tlog
C:\Users\lucianav\Documents\Visual Studio 2010\Projects\RatsImageProcessing\RatsImageProcessing\x64\Debug\CL.write.1.tlog
C:\USERS\LUCIANAV\DOCUMENTS\VISUAL STUDIO 2010\PROJECTS\RATSIMAGEPROCESSING\RATSIMAGEPROCESSING\X64\DEBUG\IMAGEFRAMECONFIG.OBJ
C:\Users\lucianav\Documents\Visual Studio 2010\Projects\RatsImageProcessing\RatsImageProcessing\x64\Debug\link.1364.read.1.tlog
C:\Users\lucianav\Documents\Visual Studio 2010\Projects\RatsImageProcessing\RatsImageProcessing\x64\Debug\link.1364.write.1.tlog
C:\Users\lucianav\Documents\Visual Studio 2010\Projects\RatsImageProcessing\RatsImageProcessing\x64\Debug\link.1364-cvtres.read.1.tlog
C:\Users\lucianav\Documents\Visual Studio 2010\Projects\RatsImageProcessing\RatsImageProcessing\x64\Debug\link.1364-cvtres.write.1.tlog
C:\Users\lucianav\Documents\Visual Studio 2010\Projects\RatsImageProcessing\RatsImageProcessing\x64\Debug\link.2396.read.1.tlog
C:\Users\lucianav\Documents\Visual Studio 2010\Projects\RatsImageProcessing\RatsImageProcessing\x64\Debug\link.2396.write.1.tlog
C:\Users\lucianav\Documents\Visual Studio 2010\Projects\RatsImageProcessing\RatsImageProcessing\x64\Debug\link.2396-cvtres.read.1.tlog
C:\Users\lucianav\Documents\Visual Studio 2010\Projects\RatsImageProcessing\RatsImageProcessing\x64\Debug\link.2396-cvtres.write.1.tlog
C:\Users\lucianav\Documents\Visual Studio 2010\Projects\RatsImageProcessing\RatsImageProcessing\x64\Debug\link.3472.read.1.tlog
C:\Users\lucianav\Documents\Visual Studio 2010\Projects\RatsImageProcessing\RatsImageProcessing\x64\Debug\link.3472.write.1.tlog
C:\Users\lucianav\Documents\Visual Studio 2010\Projects\RatsImageProcessing\RatsImageProcessing\x64\Debug\link.3472-cvtres.read.1.tlog
C:\Users\lucianav\Documents\Visual Studio 2010\Projects\RatsImageProcessing\RatsImageProcessing\x64\Debug\link.3472-cvtres.write.1.tlog
C:\Users\lucianav\Documents\Visual Studio 2010\Projects\RatsImageProcessing\RatsImageProcessing\x64\Debug\link.3476.read.1.tlog
C:\Users\lucianav\Documents\Visual Studio 2010\Projects\RatsImageProcessing\RatsImageProcessing\x64\Debug\link.3476.write.1.tlog
C:\Users\lucianav\Documents\Visual Studio 2010\Projects\RatsImageProcessing\RatsImageProcessing\x64\Debug\link.3476-cvtres.read.1.tlog
C:\Users\lucianav\Documents\Visual Studio 2010\Projects\RatsImageProcessing\RatsImageProcessing\x64\Debug\link.3476-cvtres.write.1.tlog
C:\Users\lucianav\Documents\Visual Studio 2010\Projects\RatsImageProcessing\RatsImageProcessing\x64\Debug\link.4128.read.1.tlog
C:\Users\lucianav\Documents\Visual Studio 2010\Projects\RatsImageProcessing\RatsImageProcessing\x64\Debug\link.4128.write.1.tlog
C:\Users\lucianav\Documents\Visual Studio 2010\Projects\RatsImageProcessing\RatsImageProcessing\x64\Debug\link.4128-cvtres.read.1.tlog
C:\Users\lucianav\Documents\Visual Studio 2010\Projects\RatsImageProcessing\RatsImageProcessing\x64\Debug\link.4128-cvtres.write.1.tlog
C:\Users\lucianav\Documents\Visual Studio 2010\Projects\RatsImageProcessing\RatsImageProcessing\x64\Debug\link.4264.read.1.tlog
C:\Users\lucianav\Documents\Visual Studio 2010\Projects\RatsImageProcessing\RatsImageProcessing\x64\Debug\link.4264.write.1.tlog
C:\Users\lucianav\Documents\Visual Studio 2010\Projects\RatsImageProcessing\RatsImageProcessing\x64\Debug\link.4264-cvtres.read.1.tlog
C:\Users\lucianav\Documents\Visual Studio 2010\Projects\RatsImageProcessing\RatsImageProcessing\x64\Debug\link.4264-cvtres.write.1.tlog
C:\Users\lucianav\Documents\Visual Studio 2010\Projects\RatsImageProcessing\RatsImageProcessing\x64\Debug\link.5428.read.1.tlog
C:\Users\lucianav\Documents\Visual Studio 2010\Projects\RatsImageProcessing\RatsImageProcessing\x64\Debug\link.5428.write.1.tlog
C:\Users\lucianav\Documents\Visual Studio 2010\Projects\RatsImageProcessing\RatsImageProcessing\x64\Debug\link.5428-cvtres.read.1.tlog
C:\Users\lucianav\Documents\Visual Studio 2010\Projects\RatsImageProcessing\RatsImageProcessing\x64\Debug\link.5428-cvtres.write.1.tlog
C:\Users\lucianav\Documents\Visual Studio 2010\Projects\RatsImageProcessing\RatsImageProcessing\x64\Debug\link.5492.read.1.tlog
C:\Users\lucianav\Documents\Visual Studio 2010\Projects\RatsImageProcessing\RatsImageProcessing\x64\Debug\link.5492.write.1.tlog
C:\Users\lucianav\Documents\Visual Studio 2010\Projects\RatsImageProcessing\RatsImageProcessing\x64\Debug\link.5492-cvtres.read.1.tlog
C:\Users\lucianav\Documents\Visual Studio 2010\Projects\RatsImageProcessing\RatsImageProcessing\x64\Debug\link.5492-cvtres.write.1.tlog
C:\Users\lucianav\Documents\Visual Studio 2010\Projects\RatsImageProcessing\RatsImageProcessing\x64\Debug\link.5776.read.1.tlog
C:\Users\lucianav\Documents\Visual Studio 2010\Projects\RatsImageProcessing\RatsImageProcessing\x64\Debug\link.5776.write.1.tlog
C:\Users\lucianav\Documents\Visual Studio 2010\Projects\RatsImageProcessing\RatsImageProcessing\x64\Debug\link.5776-cvtres.read.1.tlog
C:\Users\lucianav\Documents\Visual Studio 2010\Projects\RatsImageProcessing\RatsImageProcessing\x64\Debug\link.5776-cvtres.write.1.tlog
C:\Users\lucianav\Documents\Visual Studio 2010\Projects\RatsImageProcessing\RatsImageProcessing\x64\Debug\link.5848.read.1.tlog
C:\Users\lucianav\Documents\Visual Studio 2010\Projects\RatsImageProcessing\RatsImageProcessing\x64\Debug\link.5848.write.1.tlog
C:\Users\lucianav\Documents\Visual Studio 2010\Projects\RatsImageProcessing\RatsImageProcessing\x64\Debug\link.5848-cvtres.read.1.tlog
C:\Users\lucianav\Documents\Visual Studio 2010\Projects\RatsImageProcessing\RatsImageProcessing\x64\Debug\link.5848-cvtres.write.1.tlog
C:\Users\lucianav\Documents\Visual Studio 2010\Projects\RatsImageProcessing\RatsImageProcessing\x64\Debug\link.5872.read.1.tlog
C:\Users\lucianav\Documents\Visual Studio 2010\Projects\RatsImageProcessing\RatsImageProcessing\x64\Debug\link.5872.write.1.tlog
C:\Users\lucianav\Documents\Visual Studio 2010\Projects\RatsImageProcessing\RatsImageProcessing\x64\Debug\link.5872-cvtres.read.1.tlog
C:\Users\lucianav\Documents\Visual Studio 2010\Projects\RatsImageProcessing\RatsImageProcessing\x64\Debug\link.5872-cvtres.write.1.tlog
C:\Users\lucianav\Documents\Visual Studio 2010\Projects\RatsImageProcessing\RatsImageProcessing\x64\Debug\link.6036.read.1.tlog
C:\Users\lucianav\Documents\Visual Studio 2010\Projects\RatsImageProcessing\RatsImageProcessing\x64\Debug\link.6036.write.1.tlog
C:\Users\lucianav\Documents\Visual Studio 2010\Projects\RatsImageProcessing\RatsImageProcessing\x64\Debug\link.6036-cvtres.read.1.tlog
C:\Users\lucianav\Documents\Visual Studio 2010\Projects\RatsImageProcessing\RatsImageProcessing\x64\Debug\link.6036-cvtres.write.1.tlog
C:\Users\lucianav\Documents\Visual Studio 2010\Projects\RatsImageProcessing\RatsImageProcessing\x64\Debug\link.6096.read.1.tlog
C:\Users\lucianav\Documents\Visual Studio 2010\Projects\RatsImageProcessing\RatsImageProcessing\x64\Debug\link.6096.write.1.tlog
C:\Users\lucianav\Documents\Visual Studio 2010\Projects\RatsImageProcessing\RatsImageProcessing\x64\Debug\link.6096-cvtres.read.1.tlog
C:\Users\lucianav\Documents\Visual Studio 2010\Projects\RatsImageProcessing\RatsImageProcessing\x64\Debug\link.6096-cvtres.write.1.tlog
C:\Users\lucianav\Documents\Visual Studio 2010\Projects\RatsImageProcessing\RatsImageProcessing\x64\Debug\link.6556.read.1.tlog
C:\Users\lucianav\Documents\Visual Studio 2010\Projects\RatsImageProcessing\RatsImageProcessing\x64\Debug\link.6556.write.1.tlog
C:\Users\lucianav\Documents\Visual Studio 2010\Projects\RatsImageProcessing\RatsImageProcessing\x64\Debug\link.6556-cvtres.read.1.tlog
C:\Users\lucianav\Documents\Visual Studio 2010\Projects\RatsImageProcessing\RatsImageProcessing\x64\Debug\link.6556-cvtres.write.1.tlog
C:\Users\lucianav\Documents\Visual Studio 2010\Projects\RatsImageProcessing\RatsImageProcessing\x64\Debug\link.command.1.tlog
C:\Users\lucianav\Documents\Visual Studio 2010\Projects\RatsImageProcessing\RatsImageProcessing\x64\Debug\link.read.1.tlog
C:\Users\lucianav\Documents\Visual Studio 2010\Projects\RatsImageProcessing\RatsImageProcessing\x64\Debug\link.write.1.tlog
C:\Users\lucianav\Documents\Visual Studio 2010\Projects\RatsImageProcessing\RatsImageProcessing\x64\Debug\link-cvtres.read.1.tlog
C:\Users\lucianav\Documents\Visual Studio 2010\Projects\RatsImageProcessing\RatsImageProcessing\x64\Debug\link-cvtres.write.1.tlog
C:\USERS\LUCIANAV\DOCUMENTS\VISUAL STUDIO 2010\PROJECTS\RATSIMAGEPROCESSING\RATSIMAGEPROCESSING\X64\DEBUG\MAIN.OBJ
C:\Users\lucianav\Documents\Visual Studio 2010\Projects\RatsImageProcessing\RatsImageProcessing\x64\Debug\mt.command.1.tlog
C:\Users\lucianav\Documents\Visual Studio 2010\Projects\RatsImageProcessing\RatsImageProcessing\x64\Debug\mt.read.1.tlog
C:\Users\lucianav\Documents\Visual Studio 2010\Projects\RatsImageProcessing\RatsImageProcessing\x64\Debug\mt.write.1.tlog
C:\USERS\LUCIANAV\DOCUMENTS\VISUAL STUDIO 2010\PROJECTS\RATSIMAGEPROCESSING\RATSIMAGEPROCESSING\X64\DEBUG\RATSIMAGEPROCESSING.EXE.EMBED.MANIFEST
C:\USERS\LUCIANAV\DOCUMENTS\VISUAL STUDIO 2010\PROJECTS\RATSIMAGEPROCESSING\RATSIMAGEPROCESSING\X64\DEBUG\RATSIMAGEPROCESSING.EXE.EMBED.MANIFEST.RES
C:\USERS\LUCIANAV\DOCUMENTS\VISUAL STUDIO 2010\PROJECTS\RATSIMAGEPROCESSING\RATSIMAGEPROCESSING\X64\DEBUG\RATSIMAGEPROCESSING.EXE.INTERMEDIATE.MANIFEST
C:\Users\lucianav\Documents\Visual Studio 2010\Projects\RatsImageProcessing\RatsImageProcessing\x64\Debug\RatsImageProcessing_manifest.rc
C:\Users\lucianav\Documents\Visual Studio 2010\Projects\RatsImageProcessing\RatsImageProcessing\x64\Debug\rc.command.1.tlog
C:\Users\lucianav\Documents\Visual Studio 2010\Projects\RatsImageProcessing\RatsImageProcessing\x64\Debug\rc.read.1.tlog
C:\Users\lucianav\Documents\Visual Studio 2010\Projects\RatsImageProcessing\RatsImageProcessing\x64\Debug\rc.write.1.tlog
C:\USERS\LUCIANAV\DOCUMENTS\VISUAL STUDIO 2010\PROJECTS\RATSIMAGEPROCESSING\RATSIMAGEPROCESSING\X64\DEBUG\TEST.OBJ
C:\Users\lucianav\Documents\Visual Studio 2010\Projects\RatsImageProcessing\RatsImageProcessing\x64\Debug\vc100.idb
C:\USERS\LUCIANAV\DOCUMENTS\VISUAL STUDIO 2010\PROJECTS\RATSIMAGEPROCESSING\RATSIMAGEPROCESSING\X64\DEBUG\VC100.PDB
C:\USERS\LUCIANAV\DOCUMENTS\VISUAL STUDIO 2010\PROJECTS\RATSIMAGEPROCESSING\X64\DEBUG\RATSIMAGEPROCESSING.EXE
C:\USERS\LUCIANAV\DOCUMENTS\VISUAL STUDIO 2010\PROJECTS\RATSIMAGEPROCESSING\X64\DEBUG\RATSIMAGEPROCESSING.ILK
C:\USERS\LUCIANAV\DOCUMENTS\VISUAL STUDIO 2010\PROJECTS\RATSIMAGEPROCESSING\X64\DEBUG\RATSIMAGEPROCESSING.PDB
