Build started 13/08/2014 09:29:24.
     1>Project "C:\Users\lucianav\Documents\Visual Studio 2010\Projects\DynamicLibrary\MathFuncsDll\MathFuncsDll.vcxproj" on node 2 (build target(s)).
     1>InitializeBuildStatus:
         Creating "Debug\MathFuncsDll.unsuccessfulbuild" because "AlwaysCreate" was specified.
       ClCompile:
         All outputs are up-to-date.
         All outputs are up-to-date.
         C:\Program Files (x86)\Microsoft Visual Studio 10.0\VC\bin\CL.exe /c /ZI /nologo /W3 /WX- /Od /Oy- /D WIN32 /D _DEBUG /D _WINDOWS /D _USRDLL /D MATHFUNCSDLL_EXPORTS /D _WINDLL /D _UNICODE /D UNICODE /Gm /EHsc /RTC1 /MDd /GS /fp:precise /Zc:wchar_t /Zc:forScope /Yu"StdAfx.h" /Fp"Debug\MathFuncsDll.pch" /Fo"Debug\\" /Fd"Debug\vc100.pdb" /Gd /TP /analyze- /errorReport:prompt MathFunctionsDll.cpp
         MathFunctionsDll.cpp
       ManifestResourceCompile:
         All outputs are up-to-date.
       Link:
         C:\Program Files (x86)\Microsoft Visual Studio 10.0\VC\bin\link.exe /ERRORREPORT:PROMPT /OUT:"C:\Users\lucianav\Documents\Visual Studio 2010\Projects\DynamicLibrary\Debug\MathFuncsDll.dll" /INCREMENTAL /NOLOGO kernel32.lib user32.lib gdi32.lib winspool.lib comdlg32.lib advapi32.lib shell32.lib ole32.lib oleaut32.lib uuid.lib odbc32.lib odbccp32.lib /MANIFEST /ManifestFile:"Debug\MathFuncsDll.dll.intermediate.manifest" /MANIFESTUAC:"level='asInvoker' uiAccess='false'" /DEBUG /PDB:"C:\Users\lucianav\Documents\Visual Studio 2010\Projects\DynamicLibrary\Debug\MathFuncsDll.pdb" /SUBSYSTEM:WINDOWS /TLBID:1 /DYNAMICBASE /NXCOMPAT /IMPLIB:"C:\Users\lucianav\Documents\Visual Studio 2010\Projects\DynamicLibrary\Debug\MathFuncsDll.lib" /MACHINE:X86 /DLL Debug\MathFuncsDll.dll.embed.manifest.res
         Debug\dllmain.obj
         Debug\MathFuncsDll.obj
         Debug\MathFunctionsDll.obj
         Debug\stdafx.obj
       Manifest:
         C:\Program Files (x86)\Microsoft SDKs\Windows\v7.0A\bin\mt.exe /nologo /verbose /out:"Debug\MathFuncsDll.dll.embed.manifest" /manifest Debug\MathFuncsDll.dll.intermediate.manifest
         All outputs are up-to-date.
       LinkEmbedManifest:
         All outputs are up-to-date.
         MathFuncsDll.vcxproj -> C:\Users\lucianav\Documents\Visual Studio 2010\Projects\DynamicLibrary\Debug\MathFuncsDll.dll
       FinalizeBuildStatus:
         Deleting file "Debug\MathFuncsDll.unsuccessfulbuild".
         Touching "Debug\MathFuncsDll.lastbuildstate".
     1>Done Building Project "C:\Users\lucianav\Documents\Visual Studio 2010\Projects\DynamicLibrary\MathFuncsDll\MathFuncsDll.vcxproj" (build target(s)).

Build succeeded.

Time Elapsed 00:00:00.71
