C:\USERS\LUCIANAV\DOCUMENTS\VISUAL STUDIO 2010\PROJECTS\DYNAMICLIBRARY\DEBUG\MATHFUNCSDLL.DLL
c:\users\lucianav\documents\visual studio 2010\Projects\DynamicLibrary\Debug\MathFuncsDll.exp
C:\USERS\LUCIANAV\DOCUMENTS\VISUAL STUDIO 2010\PROJECTS\DYNAMICLIBRARY\DEBUG\MATHFUNCSDLL.ILK
c:\users\lucianav\documents\visual studio 2010\Projects\DynamicLibrary\Debug\MathFuncsDll.lib
C:\USERS\LUCIANAV\DOCUMENTS\VISUAL STUDIO 2010\PROJECTS\DYNAMICLIBRARY\DEBUG\MATHFUNCSDLL.PDB
C:\Users\lucianav\Documents\Visual Studio 2010\Projects\DynamicLibrary\MathFuncsDll\Debug\cl.command.1.tlog
C:\Users\lucianav\Documents\Visual Studio 2010\Projects\DynamicLibrary\MathFuncsDll\Debug\CL.read.1.tlog
C:\Users\lucianav\Documents\Visual Studio 2010\Projects\DynamicLibrary\MathFuncsDll\Debug\CL.write.1.tlog
C:\USERS\LUCIANAV\DOCUMENTS\VISUAL STUDIO 2010\PROJECTS\DYNAMICLIBRARY\MATHFUNCSDLL\DEBUG\DLLMAIN.OBJ
C:\Users\lucianav\Documents\Visual Studio 2010\Projects\DynamicLibrary\MathFuncsDll\Debug\link.4696.read.1.tlog
C:\Users\lucianav\Documents\Visual Studio 2010\Projects\DynamicLibrary\MathFuncsDll\Debug\link.4696.write.1.tlog
C:\Users\lucianav\Documents\Visual Studio 2010\Projects\DynamicLibrary\MathFuncsDll\Debug\link.4696-cvtres.read.1.tlog
C:\Users\lucianav\Documents\Visual Studio 2010\Projects\DynamicLibrary\MathFuncsDll\Debug\link.4696-cvtres.write.1.tlog
C:\Users\lucianav\Documents\Visual Studio 2010\Projects\DynamicLibrary\MathFuncsDll\Debug\link.command.1.tlog
C:\Users\lucianav\Documents\Visual Studio 2010\Projects\DynamicLibrary\MathFuncsDll\Debug\link.read.1.tlog
C:\Users\lucianav\Documents\Visual Studio 2010\Projects\DynamicLibrary\MathFuncsDll\Debug\link.write.1.tlog
C:\Users\lucianav\Documents\Visual Studio 2010\Projects\DynamicLibrary\MathFuncsDll\Debug\link-cvtres.read.1.tlog
C:\Users\lucianav\Documents\Visual Studio 2010\Projects\DynamicLibrary\MathFuncsDll\Debug\link-cvtres.write.1.tlog
C:\USERS\LUCIANAV\DOCUMENTS\VISUAL STUDIO 2010\PROJECTS\DYNAMICLIBRARY\MATHFUNCSDLL\DEBUG\MATHFUNCSDLL.DLL.EMBED.MANIFEST
C:\USERS\LUCIANAV\DOCUMENTS\VISUAL STUDIO 2010\PROJECTS\DYNAMICLIBRARY\MATHFUNCSDLL\DEBUG\MATHFUNCSDLL.DLL.EMBED.MANIFEST.RES
C:\USERS\LUCIANAV\DOCUMENTS\VISUAL STUDIO 2010\PROJECTS\DYNAMICLIBRARY\MATHFUNCSDLL\DEBUG\MATHFUNCSDLL.DLL.INTERMEDIATE.MANIFEST
C:\USERS\LUCIANAV\DOCUMENTS\VISUAL STUDIO 2010\PROJECTS\DYNAMICLIBRARY\MATHFUNCSDLL\DEBUG\MATHFUNCSDLL.OBJ
C:\USERS\LUCIANAV\DOCUMENTS\VISUAL STUDIO 2010\PROJECTS\DYNAMICLIBRARY\MATHFUNCSDLL\DEBUG\MATHFUNCSDLL.PCH
C:\Users\lucianav\Documents\Visual Studio 2010\Projects\DynamicLibrary\MathFuncsDll\Debug\MathFuncsDll.write.1.tlog
C:\Users\lucianav\Documents\Visual Studio 2010\Projects\DynamicLibrary\MathFuncsDll\Debug\MathFuncsDll_manifest.rc
C:\USERS\LUCIANAV\DOCUMENTS\VISUAL STUDIO 2010\PROJECTS\DYNAMICLIBRARY\MATHFUNCSDLL\DEBUG\MATHFUNCTIONSDLL.OBJ
C:\Users\lucianav\Documents\Visual Studio 2010\Projects\DynamicLibrary\MathFuncsDll\Debug\mt.command.1.tlog
C:\Users\lucianav\Documents\Visual Studio 2010\Projects\DynamicLibrary\MathFuncsDll\Debug\mt.read.1.tlog
C:\Users\lucianav\Documents\Visual Studio 2010\Projects\DynamicLibrary\MathFuncsDll\Debug\mt.write.1.tlog
C:\Users\lucianav\Documents\Visual Studio 2010\Projects\DynamicLibrary\MathFuncsDll\Debug\rc.command.1.tlog
C:\Users\lucianav\Documents\Visual Studio 2010\Projects\DynamicLibrary\MathFuncsDll\Debug\rc.read.1.tlog
C:\Users\lucianav\Documents\Visual Studio 2010\Projects\DynamicLibrary\MathFuncsDll\Debug\rc.write.1.tlog
C:\USERS\LUCIANAV\DOCUMENTS\VISUAL STUDIO 2010\PROJECTS\DYNAMICLIBRARY\MATHFUNCSDLL\DEBUG\STDAFX.OBJ
C:\Users\lucianav\Documents\Visual Studio 2010\Projects\DynamicLibrary\MathFuncsDll\Debug\vc100.idb
C:\USERS\LUCIANAV\DOCUMENTS\VISUAL STUDIO 2010\PROJECTS\DYNAMICLIBRARY\MATHFUNCSDLL\DEBUG\VC100.PDB
