C:\Users\lucianav\Documents\Visual Studio 2010\Projects\HelloOpenCV\HelloOpenCV\x64\Debug\cl.command.1.tlog
C:\Users\lucianav\Documents\Visual Studio 2010\Projects\HelloOpenCV\HelloOpenCV\x64\Debug\CL.read.1.tlog
C:\Users\lucianav\Documents\Visual Studio 2010\Projects\HelloOpenCV\HelloOpenCV\x64\Debug\CL.write.1.tlog
C:\USERS\LUCIANAV\DOCUMENTS\VISUAL STUDIO 2010\PROJECTS\HELLOOPENCV\HELLOOPENCV\X64\DEBUG\HELLOOPENCV.EXE.EMBED.MANIFEST
C:\USERS\LUCIANAV\DOCUMENTS\VISUAL STUDIO 2010\PROJECTS\HELLOOPENCV\HELLOOPENCV\X64\DEBUG\HELLOOPENCV.EXE.EMBED.MANIFEST.RES
C:\USERS\LUCIANAV\DOCUMENTS\VISUAL STUDIO 2010\PROJECTS\HELLOOPENCV\HELLOOPENCV\X64\DEBUG\HELLOOPENCV.EXE.INTERMEDIATE.MANIFEST
C:\Users\lucianav\Documents\Visual Studio 2010\Projects\HelloOpenCV\HelloOpenCV\x64\Debug\HelloOpenCV.write.1.tlog
C:\Users\lucianav\Documents\Visual Studio 2010\Projects\HelloOpenCV\HelloOpenCV\x64\Debug\HelloOpenCV_manifest.rc
C:\Users\lucianav\Documents\Visual Studio 2010\Projects\HelloOpenCV\HelloOpenCV\x64\Debug\link.1008.read.1.tlog
C:\Users\lucianav\Documents\Visual Studio 2010\Projects\HelloOpenCV\HelloOpenCV\x64\Debug\link.1008.write.1.tlog
C:\Users\lucianav\Documents\Visual Studio 2010\Projects\HelloOpenCV\HelloOpenCV\x64\Debug\link.1008-cvtres.read.1.tlog
C:\Users\lucianav\Documents\Visual Studio 2010\Projects\HelloOpenCV\HelloOpenCV\x64\Debug\link.1008-cvtres.write.1.tlog
C:\Users\lucianav\Documents\Visual Studio 2010\Projects\HelloOpenCV\HelloOpenCV\x64\Debug\link.command.1.tlog
C:\Users\lucianav\Documents\Visual Studio 2010\Projects\HelloOpenCV\HelloOpenCV\x64\Debug\link.read.1.tlog
C:\Users\lucianav\Documents\Visual Studio 2010\Projects\HelloOpenCV\HelloOpenCV\x64\Debug\link.write.1.tlog
C:\Users\lucianav\Documents\Visual Studio 2010\Projects\HelloOpenCV\HelloOpenCV\x64\Debug\link-cvtres.read.1.tlog
C:\Users\lucianav\Documents\Visual Studio 2010\Projects\HelloOpenCV\HelloOpenCV\x64\Debug\link-cvtres.write.1.tlog
C:\USERS\LUCIANAV\DOCUMENTS\VISUAL STUDIO 2010\PROJECTS\HELLOOPENCV\HELLOOPENCV\X64\DEBUG\MAIN.OBJ
C:\Users\lucianav\Documents\Visual Studio 2010\Projects\HelloOpenCV\HelloOpenCV\x64\Debug\mt.command.1.tlog
C:\Users\lucianav\Documents\Visual Studio 2010\Projects\HelloOpenCV\HelloOpenCV\x64\Debug\mt.read.1.tlog
C:\Users\lucianav\Documents\Visual Studio 2010\Projects\HelloOpenCV\HelloOpenCV\x64\Debug\mt.write.1.tlog
C:\Users\lucianav\Documents\Visual Studio 2010\Projects\HelloOpenCV\HelloOpenCV\x64\Debug\rc.command.1.tlog
C:\Users\lucianav\Documents\Visual Studio 2010\Projects\HelloOpenCV\HelloOpenCV\x64\Debug\rc.read.1.tlog
C:\Users\lucianav\Documents\Visual Studio 2010\Projects\HelloOpenCV\HelloOpenCV\x64\Debug\rc.write.1.tlog
C:\Users\lucianav\Documents\Visual Studio 2010\Projects\HelloOpenCV\HelloOpenCV\x64\Debug\vc100.idb
C:\USERS\LUCIANAV\DOCUMENTS\VISUAL STUDIO 2010\PROJECTS\HELLOOPENCV\HELLOOPENCV\X64\DEBUG\VC100.PDB
C:\USERS\LUCIANAV\DOCUMENTS\VISUAL STUDIO 2010\PROJECTS\HELLOOPENCV\X64\DEBUG\HELLOOPENCV.EXE
C:\USERS\LUCIANAV\DOCUMENTS\VISUAL STUDIO 2010\PROJECTS\HELLOOPENCV\X64\DEBUG\HELLOOPENCV.ILK
C:\USERS\LUCIANAV\DOCUMENTS\VISUAL STUDIO 2010\PROJECTS\HELLOOPENCV\X64\DEBUG\HELLOOPENCV.PDB
